This is pdfTeX, Version 3.141592653-2.6-1.40.25 (TeX Live 2023) (preloaded format=pdflatex 2023.9.2)  17 SEP 2023 22:19
entering extended mode
 restricted \write18 enabled.
 file:line:error style messages enabled.
 %&-line parsing enabled.
**c:/Users/User/Desktop/guias_fisica_1/main.tex
(c:/Users/User/Desktop/guias_fisica_1/main.tex
LaTeX2e <2023-06-01> patch level 1
L3 programming layer <2023-08-29>
(c:/texlive/2023/texmf-dist/tex/latex/base/book.cls
Document Class: book 2023/05/17 v1.4n Standard LaTeX document class
(c:/texlive/2023/texmf-dist/tex/latex/base/bk12.clo
File: bk12.clo 2023/05/17 v1.4n Standard LaTeX file (size option)
)
\c@part=\count185
\c@chapter=\count186
\c@section=\count187
\c@subsection=\count188
\c@subsubsection=\count189
\c@paragraph=\count190
\c@subparagraph=\count191
\c@figure=\count192
\c@table=\count193
\abovecaptionskip=\skip48
\belowcaptionskip=\skip49
\bibindent=\dimen140
) (./packages.tex (c:/texlive/2023/texmf-dist/tex/latex/geometry/geometry.sty
Package: geometry 2020/01/02 v5.9 Page Geometry
 (c:/texlive/2023/texmf-dist/tex/latex/graphics/keyval.sty
Package: keyval 2022/05/29 v1.15 key=value parser (DPC)
\KV@toks@=\toks17
) (c:/texlive/2023/texmf-dist/tex/generic/iftex/ifvtex.sty
Package: ifvtex 2019/10/25 v1.7 ifvtex legacy package. Use iftex instead.
 (c:/texlive/2023/texmf-dist/tex/generic/iftex/iftex.sty
Package: iftex 2022/02/03 v1.0f TeX engine tests
))
\Gm@cnth=\count194
\Gm@cntv=\count195
\c@Gm@tempcnt=\count196
\Gm@bindingoffset=\dimen141
\Gm@wd@mp=\dimen142
\Gm@odd@mp=\dimen143
\Gm@even@mp=\dimen144
\Gm@layoutwidth=\dimen145
\Gm@layoutheight=\dimen146
\Gm@layouthoffset=\dimen147
\Gm@layoutvoffset=\dimen148
\Gm@dimlist=\toks18
) (c:/texlive/2023/texmf-dist/tex/latex/siunitx/siunitx.sty
Package: siunitx 2023-08-30 v3.3.5 A comprehensive (SI) units package
\l__siunitx_number_uncert_offset_int=\count197
\l__siunitx_number_exponent_fixed_int=\count198
\l__siunitx_number_min_decimal_int=\count199
\l__siunitx_number_min_integer_int=\count266
\l__siunitx_number_round_precision_int=\count267
\l__siunitx_number_lower_threshold_int=\count268
\l__siunitx_number_upper_threshold_int=\count269
\l__siunitx_number_group_first_int=\count270
\l__siunitx_number_group_size_int=\count271
\l__siunitx_number_group_minimum_int=\count272
\l__siunitx_angle_tmp_dim=\dimen149
\l__siunitx_angle_marker_box=\box51
\l__siunitx_angle_unit_box=\box52
\l__siunitx_compound_count_int=\count273
 (c:/texlive/2023/texmf-dist/tex/latex/translations/translations.sty
Package: translations 2022/02/05 v1.12 internationalization of LaTeX2e packages (CN)
 (c:/texlive/2023/texmf-dist/tex/latex/etoolbox/etoolbox.sty
Package: etoolbox 2020/10/05 v2.5k e-TeX tools for LaTeX (JAW)
\etb@tempcnta=\count274
) (c:/texlive/2023/texmf-dist/tex/generic/pdftexcmds/pdftexcmds.sty
Package: pdftexcmds 2020-06-27 v0.33 Utility functions of pdfTeX for LuaTeX (HO)
 (c:/texlive/2023/texmf-dist/tex/generic/infwarerr/infwarerr.sty
Package: infwarerr 2019/12/03 v1.5 Providing info/warning/error messages (HO)
) (c:/texlive/2023/texmf-dist/tex/generic/ltxcmds/ltxcmds.sty
Package: ltxcmds 2020-05-10 v1.25 LaTeX kernel commands for general use (HO)
)
Package pdftexcmds Info: \pdf@primitive is available.
Package pdftexcmds Info: \pdf@ifprimitive is available.
Package pdftexcmds Info: \pdfdraftmode found.
)) (c:/texlive/2023/texmf-dist/tex/latex/amsmath/amstext.sty
Package: amstext 2021/08/26 v2.01 AMS text
 (c:/texlive/2023/texmf-dist/tex/latex/amsmath/amsgen.sty
File: amsgen.sty 1999/11/30 v2.0 generic functions
\@emptytoks=\toks19
\ex@=\dimen150
))
\l__siunitx_table_tmp_box=\box53
\l__siunitx_table_tmp_dim=\dimen151
\l__siunitx_table_column_width_dim=\dimen152
\l__siunitx_table_integer_box=\box54
\l__siunitx_table_decimal_box=\box55
\l__siunitx_table_uncert_box=\box56
\l__siunitx_table_before_box=\box57
\l__siunitx_table_after_box=\box58
\l__siunitx_table_before_dim=\dimen153
\l__siunitx_table_carry_dim=\dimen154
\l__siunitx_unit_tmp_int=\count275
\l__siunitx_unit_position_int=\count276
\l__siunitx_unit_total_int=\count277
 (c:/texlive/2023/texmf-dist/tex/latex/tools/array.sty
Package: array 2022/09/04 v2.5g Tabular extension package (FMi)
\col@sep=\dimen155
\ar@mcellbox=\box59
\extrarowheight=\dimen156
\NC@list=\toks20
\extratabsurround=\skip50
\backup@length=\skip51
\ar@cellbox=\box60
))

Package siunitx Info: Option "fraction-function" has been deprecated in this
(siunitx)             release.
(siunitx)             
(siunitx)             Use "fraction-command = \sfrac " as a replacement.

 (c:/texlive/2023/texmf-dist/tex/latex/mdframed/mdframed.sty
Package: mdframed 2013/07/01 1.9b: mdframed
 (c:/texlive/2023/texmf-dist/tex/latex/kvoptions/kvoptions.sty
Package: kvoptions 2022-06-15 v3.15 Key value format for package options (HO)
 (c:/texlive/2023/texmf-dist/tex/latex/kvsetkeys/kvsetkeys.sty
Package: kvsetkeys 2022-10-05 v1.19 Key value parser (HO)
)) (c:/texlive/2023/texmf-dist/tex/latex/l3packages/xparse/xparse.sty (c:/texlive/2023/texmf-dist/tex/latex/l3kernel/expl3.sty
Package: expl3 2023-08-29 L3 programming layer (loader) 
 (c:/texlive/2023/texmf-dist/tex/latex/l3backend/l3backend-pdftex.def
File: l3backend-pdftex.def 2023-04-19 L3 backend support: PDF output (pdfTeX)
\l__color_backend_stack_int=\count278
\l__pdf_internal_box=\box61
))
Package: xparse 2023-02-02 L3 Experimental document command parser
) (c:/texlive/2023/texmf-dist/tex/latex/zref/zref-abspage.sty
Package: zref-abspage 2022-04-07 v2.34 Module abspage for zref (HO)
 (c:/texlive/2023/texmf-dist/tex/latex/zref/zref-base.sty
Package: zref-base 2022-04-07 v2.34 Module base for zref (HO)
 (c:/texlive/2023/texmf-dist/tex/generic/kvdefinekeys/kvdefinekeys.sty
Package: kvdefinekeys 2019-12-19 v1.6 Define keys (HO)
) (c:/texlive/2023/texmf-dist/tex/generic/etexcmds/etexcmds.sty
Package: etexcmds 2019/12/15 v1.7 Avoid name clashes with e-TeX commands (HO)
) (c:/texlive/2023/texmf-dist/tex/latex/auxhook/auxhook.sty
Package: auxhook 2019-12-17 v1.6 Hooks for auxiliary files (HO)
)
Package zref Info: New property list: main on input line 767.
Package zref Info: New property: default on input line 768.
Package zref Info: New property: page on input line 769.
) (c:/texlive/2023/texmf-dist/tex/latex/base/atbegshi-ltx.sty
Package: atbegshi-ltx 2021/01/10 v1.0c Emulation of the original atbegshi
package with kernel methods
)
\c@abspage=\count279
Package zref Info: New property: abspage on input line 65.
) (c:/texlive/2023/texmf-dist/tex/latex/needspace/needspace.sty
Package: needspace 2010/09/12 v1.3d reserve vertical space
) (c:/texlive/2023/texmf-dist/tex/latex/graphics/color.sty
Package: color 2022/01/06 v1.3d Standard LaTeX Color (DPC)
 (c:/texlive/2023/texmf-dist/tex/latex/graphics-cfg/color.cfg
File: color.cfg 2016/01/02 v1.6 sample color configuration
)
Package color Info: Driver file: pdftex.def on input line 149.
 (c:/texlive/2023/texmf-dist/tex/latex/graphics-def/pdftex.def
File: pdftex.def 2022/09/22 v1.2b Graphics/color driver for pdftex
) (c:/texlive/2023/texmf-dist/tex/latex/graphics/mathcolor.ltx))
\mdf@templength=\skip52
\c@mdf@globalstyle@cnt=\count280
\mdf@skipabove@length=\skip53
\mdf@skipbelow@length=\skip54
\mdf@leftmargin@length=\skip55
\mdf@rightmargin@length=\skip56
\mdf@innerleftmargin@length=\skip57
\mdf@innerrightmargin@length=\skip58
\mdf@innertopmargin@length=\skip59
\mdf@innerbottommargin@length=\skip60
\mdf@splittopskip@length=\skip61
\mdf@splitbottomskip@length=\skip62
\mdf@outermargin@length=\skip63
\mdf@innermargin@length=\skip64
\mdf@linewidth@length=\skip65
\mdf@innerlinewidth@length=\skip66
\mdf@middlelinewidth@length=\skip67
\mdf@outerlinewidth@length=\skip68
\mdf@roundcorner@length=\skip69
\mdf@footenotedistance@length=\skip70
\mdf@userdefinedwidth@length=\skip71
\mdf@needspace@length=\skip72
\mdf@frametitleaboveskip@length=\skip73
\mdf@frametitlebelowskip@length=\skip74
\mdf@frametitlerulewidth@length=\skip75
\mdf@frametitleleftmargin@length=\skip76
\mdf@frametitlerightmargin@length=\skip77
\mdf@shadowsize@length=\skip78
\mdf@extratopheight@length=\skip79
\mdf@subtitleabovelinewidth@length=\skip80
\mdf@subtitlebelowlinewidth@length=\skip81
\mdf@subtitleaboveskip@length=\skip82
\mdf@subtitlebelowskip@length=\skip83
\mdf@subtitleinneraboveskip@length=\skip84
\mdf@subtitleinnerbelowskip@length=\skip85
\mdf@subsubtitleabovelinewidth@length=\skip86
\mdf@subsubtitlebelowlinewidth@length=\skip87
\mdf@subsubtitleaboveskip@length=\skip88
\mdf@subsubtitlebelowskip@length=\skip89
\mdf@subsubtitleinneraboveskip@length=\skip90
\mdf@subsubtitleinnerbelowskip@length=\skip91
 (c:/texlive/2023/texmf-dist/tex/latex/pgf/frontendlayer/tikz.sty (c:/texlive/2023/texmf-dist/tex/latex/pgf/basiclayer/pgf.sty (c:/texlive/2023/texmf-dist/tex/latex/pgf/utilities/pgfrcs.sty (c:/texlive/2023/texmf-dist/tex/generic/pgf/utilities/pgfutil-common.tex
\pgfutil@everybye=\toks21
\pgfutil@tempdima=\dimen157
\pgfutil@tempdimb=\dimen158
) (c:/texlive/2023/texmf-dist/tex/generic/pgf/utilities/pgfutil-latex.def
\pgfutil@abb=\box62
) (c:/texlive/2023/texmf-dist/tex/generic/pgf/utilities/pgfrcs.code.tex (c:/texlive/2023/texmf-dist/tex/generic/pgf/pgf.revision.tex)
Package: pgfrcs 2023-01-15 v3.1.10 (3.1.10)
))
Package: pgf 2023-01-15 v3.1.10 (3.1.10)
 (c:/texlive/2023/texmf-dist/tex/latex/pgf/basiclayer/pgfcore.sty (c:/texlive/2023/texmf-dist/tex/latex/graphics/graphicx.sty
Package: graphicx 2021/09/16 v1.2d Enhanced LaTeX Graphics (DPC,SPQR)
 (c:/texlive/2023/texmf-dist/tex/latex/graphics/graphics.sty
Package: graphics 2022/03/10 v1.4e Standard LaTeX Graphics (DPC,SPQR)
 (c:/texlive/2023/texmf-dist/tex/latex/graphics/trig.sty
Package: trig 2021/08/11 v1.11 sin cos tan (DPC)
) (c:/texlive/2023/texmf-dist/tex/latex/graphics-cfg/graphics.cfg
File: graphics.cfg 2016/06/04 v1.11 sample graphics configuration
)
Package graphics Info: Driver file: pdftex.def on input line 107.
)
\Gin@req@height=\dimen159
\Gin@req@width=\dimen160
) (c:/texlive/2023/texmf-dist/tex/latex/pgf/systemlayer/pgfsys.sty (c:/texlive/2023/texmf-dist/tex/generic/pgf/systemlayer/pgfsys.code.tex
Package: pgfsys 2023-01-15 v3.1.10 (3.1.10)
 (c:/texlive/2023/texmf-dist/tex/generic/pgf/utilities/pgfkeys.code.tex
\pgfkeys@pathtoks=\toks22
\pgfkeys@temptoks=\toks23
 (c:/texlive/2023/texmf-dist/tex/generic/pgf/utilities/pgfkeyslibraryfiltered.code.tex
\pgfkeys@tmptoks=\toks24
))
\pgf@x=\dimen161
\pgf@y=\dimen162
\pgf@xa=\dimen163
\pgf@ya=\dimen164
\pgf@xb=\dimen165
\pgf@yb=\dimen166
\pgf@xc=\dimen167
\pgf@yc=\dimen168
\pgf@xd=\dimen169
\pgf@yd=\dimen170
\w@pgf@writea=\write3
\r@pgf@reada=\read2
\c@pgf@counta=\count281
\c@pgf@countb=\count282
\c@pgf@countc=\count283
\c@pgf@countd=\count284
\t@pgf@toka=\toks25
\t@pgf@tokb=\toks26
\t@pgf@tokc=\toks27
\pgf@sys@id@count=\count285
 (c:/texlive/2023/texmf-dist/tex/generic/pgf/systemlayer/pgf.cfg
File: pgf.cfg 2023-01-15 v3.1.10 (3.1.10)
)
Driver file for pgf: pgfsys-pdftex.def
 (c:/texlive/2023/texmf-dist/tex/generic/pgf/systemlayer/pgfsys-pdftex.def
File: pgfsys-pdftex.def 2023-01-15 v3.1.10 (3.1.10)
 (c:/texlive/2023/texmf-dist/tex/generic/pgf/systemlayer/pgfsys-common-pdf.def
File: pgfsys-common-pdf.def 2023-01-15 v3.1.10 (3.1.10)
))) (c:/texlive/2023/texmf-dist/tex/generic/pgf/systemlayer/pgfsyssoftpath.code.tex
File: pgfsyssoftpath.code.tex 2023-01-15 v3.1.10 (3.1.10)
\pgfsyssoftpath@smallbuffer@items=\count286
\pgfsyssoftpath@bigbuffer@items=\count287
) (c:/texlive/2023/texmf-dist/tex/generic/pgf/systemlayer/pgfsysprotocol.code.tex
File: pgfsysprotocol.code.tex 2023-01-15 v3.1.10 (3.1.10)
)) (c:/texlive/2023/texmf-dist/tex/latex/xcolor/xcolor.sty
Package: xcolor 2022/06/12 v2.14 LaTeX color extensions (UK)
 (c:/texlive/2023/texmf-dist/tex/latex/graphics-cfg/color.cfg
File: color.cfg 2016/01/02 v1.6 sample color configuration
)
Package xcolor Info: Driver file: pdftex.def on input line 227.
LaTeX Info: Redefining \color on input line 711.
 (c:/texlive/2023/texmf-dist/tex/latex/graphics/mathcolor.ltx)
Package xcolor Info: Model `cmy' substituted by `cmy0' on input line 1353.
Package xcolor Info: Model `hsb' substituted by `rgb' on input line 1357.
Package xcolor Info: Model `RGB' extended on input line 1369.
Package xcolor Info: Model `HTML' substituted by `rgb' on input line 1371.
Package xcolor Info: Model `Hsb' substituted by `hsb' on input line 1372.
Package xcolor Info: Model `tHsb' substituted by `hsb' on input line 1373.
Package xcolor Info: Model `HSB' substituted by `hsb' on input line 1374.
Package xcolor Info: Model `Gray' substituted by `gray' on input line 1375.
Package xcolor Info: Model `wave' substituted by `hsb' on input line 1376.
) (c:/texlive/2023/texmf-dist/tex/generic/pgf/basiclayer/pgfcore.code.tex
Package: pgfcore 2023-01-15 v3.1.10 (3.1.10)
 (c:/texlive/2023/texmf-dist/tex/generic/pgf/math/pgfmath.code.tex (c:/texlive/2023/texmf-dist/tex/generic/pgf/math/pgfmathutil.code.tex) (c:/texlive/2023/texmf-dist/tex/generic/pgf/math/pgfmathparser.code.tex
\pgfmath@dimen=\dimen171
\pgfmath@count=\count288
\pgfmath@box=\box63
\pgfmath@toks=\toks28
\pgfmath@stack@operand=\toks29
\pgfmath@stack@operation=\toks30
) (c:/texlive/2023/texmf-dist/tex/generic/pgf/math/pgfmathfunctions.code.tex) (c:/texlive/2023/texmf-dist/tex/generic/pgf/math/pgfmathfunctions.basic.code.tex) (c:/texlive/2023/texmf-dist/tex/generic/pgf/math/pgfmathfunctions.trigonometric.code.tex) (c:/texlive/2023/texmf-dist/tex/generic/pgf/math/pgfmathfunctions.random.code.tex) (c:/texlive/2023/texmf-dist/tex/generic/pgf/math/pgfmathfunctions.comparison.code.tex) (c:/texlive/2023/texmf-dist/tex/generic/pgf/math/pgfmathfunctions.base.code.tex) (c:/texlive/2023/texmf-dist/tex/generic/pgf/math/pgfmathfunctions.round.code.tex) (c:/texlive/2023/texmf-dist/tex/generic/pgf/math/pgfmathfunctions.misc.code.tex) (c:/texlive/2023/texmf-dist/tex/generic/pgf/math/pgfmathfunctions.integerarithmetics.code.tex) (c:/texlive/2023/texmf-dist/tex/generic/pgf/math/pgfmathcalc.code.tex) (c:/texlive/2023/texmf-dist/tex/generic/pgf/math/pgfmathfloat.code.tex
\c@pgfmathroundto@lastzeros=\count289
)) (c:/texlive/2023/texmf-dist/tex/generic/pgf/math/pgfint.code.tex) (c:/texlive/2023/texmf-dist/tex/generic/pgf/basiclayer/pgfcorepoints.code.tex
File: pgfcorepoints.code.tex 2023-01-15 v3.1.10 (3.1.10)
\pgf@picminx=\dimen172
\pgf@picmaxx=\dimen173
\pgf@picminy=\dimen174
\pgf@picmaxy=\dimen175
\pgf@pathminx=\dimen176
\pgf@pathmaxx=\dimen177
\pgf@pathminy=\dimen178
\pgf@pathmaxy=\dimen179
\pgf@xx=\dimen180
\pgf@xy=\dimen181
\pgf@yx=\dimen182
\pgf@yy=\dimen183
\pgf@zx=\dimen184
\pgf@zy=\dimen185
) (c:/texlive/2023/texmf-dist/tex/generic/pgf/basiclayer/pgfcorepathconstruct.code.tex
File: pgfcorepathconstruct.code.tex 2023-01-15 v3.1.10 (3.1.10)
\pgf@path@lastx=\dimen186
\pgf@path@lasty=\dimen187
) (c:/texlive/2023/texmf-dist/tex/generic/pgf/basiclayer/pgfcorepathusage.code.tex
File: pgfcorepathusage.code.tex 2023-01-15 v3.1.10 (3.1.10)
\pgf@shorten@end@additional=\dimen188
\pgf@shorten@start@additional=\dimen189
) (c:/texlive/2023/texmf-dist/tex/generic/pgf/basiclayer/pgfcorescopes.code.tex
File: pgfcorescopes.code.tex 2023-01-15 v3.1.10 (3.1.10)
\pgfpic=\box64
\pgf@hbox=\box65
\pgf@layerbox@main=\box66
\pgf@picture@serial@count=\count290
) (c:/texlive/2023/texmf-dist/tex/generic/pgf/basiclayer/pgfcoregraphicstate.code.tex
File: pgfcoregraphicstate.code.tex 2023-01-15 v3.1.10 (3.1.10)
\pgflinewidth=\dimen190
) (c:/texlive/2023/texmf-dist/tex/generic/pgf/basiclayer/pgfcoretransformations.code.tex
File: pgfcoretransformations.code.tex 2023-01-15 v3.1.10 (3.1.10)
\pgf@pt@x=\dimen191
\pgf@pt@y=\dimen192
\pgf@pt@temp=\dimen193
) (c:/texlive/2023/texmf-dist/tex/generic/pgf/basiclayer/pgfcorequick.code.tex
File: pgfcorequick.code.tex 2023-01-15 v3.1.10 (3.1.10)
) (c:/texlive/2023/texmf-dist/tex/generic/pgf/basiclayer/pgfcoreobjects.code.tex
File: pgfcoreobjects.code.tex 2023-01-15 v3.1.10 (3.1.10)
) (c:/texlive/2023/texmf-dist/tex/generic/pgf/basiclayer/pgfcorepathprocessing.code.tex
File: pgfcorepathprocessing.code.tex 2023-01-15 v3.1.10 (3.1.10)
) (c:/texlive/2023/texmf-dist/tex/generic/pgf/basiclayer/pgfcorearrows.code.tex
File: pgfcorearrows.code.tex 2023-01-15 v3.1.10 (3.1.10)
\pgfarrowsep=\dimen194
) (c:/texlive/2023/texmf-dist/tex/generic/pgf/basiclayer/pgfcoreshade.code.tex
File: pgfcoreshade.code.tex 2023-01-15 v3.1.10 (3.1.10)
\pgf@max=\dimen195
\pgf@sys@shading@range@num=\count291
\pgf@shadingcount=\count292
) (c:/texlive/2023/texmf-dist/tex/generic/pgf/basiclayer/pgfcoreimage.code.tex
File: pgfcoreimage.code.tex 2023-01-15 v3.1.10 (3.1.10)
) (c:/texlive/2023/texmf-dist/tex/generic/pgf/basiclayer/pgfcoreexternal.code.tex
File: pgfcoreexternal.code.tex 2023-01-15 v3.1.10 (3.1.10)
\pgfexternal@startupbox=\box67
) (c:/texlive/2023/texmf-dist/tex/generic/pgf/basiclayer/pgfcorelayers.code.tex
File: pgfcorelayers.code.tex 2023-01-15 v3.1.10 (3.1.10)
) (c:/texlive/2023/texmf-dist/tex/generic/pgf/basiclayer/pgfcoretransparency.code.tex
File: pgfcoretransparency.code.tex 2023-01-15 v3.1.10 (3.1.10)
) (c:/texlive/2023/texmf-dist/tex/generic/pgf/basiclayer/pgfcorepatterns.code.tex
File: pgfcorepatterns.code.tex 2023-01-15 v3.1.10 (3.1.10)
) (c:/texlive/2023/texmf-dist/tex/generic/pgf/basiclayer/pgfcorerdf.code.tex
File: pgfcorerdf.code.tex 2023-01-15 v3.1.10 (3.1.10)
))) (c:/texlive/2023/texmf-dist/tex/generic/pgf/modules/pgfmoduleshapes.code.tex
File: pgfmoduleshapes.code.tex 2023-01-15 v3.1.10 (3.1.10)
\pgfnodeparttextbox=\box68
) (c:/texlive/2023/texmf-dist/tex/generic/pgf/modules/pgfmoduleplot.code.tex
File: pgfmoduleplot.code.tex 2023-01-15 v3.1.10 (3.1.10)
) (c:/texlive/2023/texmf-dist/tex/latex/pgf/compatibility/pgfcomp-version-0-65.sty
Package: pgfcomp-version-0-65 2023-01-15 v3.1.10 (3.1.10)
\pgf@nodesepstart=\dimen196
\pgf@nodesepend=\dimen197
) (c:/texlive/2023/texmf-dist/tex/latex/pgf/compatibility/pgfcomp-version-1-18.sty
Package: pgfcomp-version-1-18 2023-01-15 v3.1.10 (3.1.10)
)) (c:/texlive/2023/texmf-dist/tex/latex/pgf/utilities/pgffor.sty (c:/texlive/2023/texmf-dist/tex/latex/pgf/utilities/pgfkeys.sty (c:/texlive/2023/texmf-dist/tex/generic/pgf/utilities/pgfkeys.code.tex)) (c:/texlive/2023/texmf-dist/tex/latex/pgf/math/pgfmath.sty (c:/texlive/2023/texmf-dist/tex/generic/pgf/math/pgfmath.code.tex)) (c:/texlive/2023/texmf-dist/tex/generic/pgf/utilities/pgffor.code.tex
Package: pgffor 2023-01-15 v3.1.10 (3.1.10)
\pgffor@iter=\dimen198
\pgffor@skip=\dimen199
\pgffor@stack=\toks31
\pgffor@toks=\toks32
)) (c:/texlive/2023/texmf-dist/tex/generic/pgf/frontendlayer/tikz/tikz.code.tex
Package: tikz 2023-01-15 v3.1.10 (3.1.10)
 (c:/texlive/2023/texmf-dist/tex/generic/pgf/libraries/pgflibraryplothandlers.code.tex
File: pgflibraryplothandlers.code.tex 2023-01-15 v3.1.10 (3.1.10)
\pgf@plot@mark@count=\count293
\pgfplotmarksize=\dimen256
)
\tikz@lastx=\dimen257
\tikz@lasty=\dimen258
\tikz@lastxsaved=\dimen259
\tikz@lastysaved=\dimen260
\tikz@lastmovetox=\dimen261
\tikz@lastmovetoy=\dimen262
\tikzleveldistance=\dimen263
\tikzsiblingdistance=\dimen264
\tikz@figbox=\box69
\tikz@figbox@bg=\box70
\tikz@tempbox=\box71
\tikz@tempbox@bg=\box72
\tikztreelevel=\count294
\tikznumberofchildren=\count295
\tikznumberofcurrentchild=\count296
\tikz@fig@count=\count297
 (c:/texlive/2023/texmf-dist/tex/generic/pgf/modules/pgfmodulematrix.code.tex
File: pgfmodulematrix.code.tex 2023-01-15 v3.1.10 (3.1.10)
\pgfmatrixcurrentrow=\count298
\pgfmatrixcurrentcolumn=\count299
\pgf@matrix@numberofcolumns=\count300
)
\tikz@expandcount=\count301
 (c:/texlive/2023/texmf-dist/tex/generic/pgf/frontendlayer/tikz/libraries/tikzlibrarytopaths.code.tex
File: tikzlibrarytopaths.code.tex 2023-01-15 v3.1.10 (3.1.10)
))) (c:/texlive/2023/texmf-dist/tex/latex/mdframed/md-frame-1.mdf
File: md-frame-1.mdf 2013/07/01\ 1.9b: md-frame-1
)
\mdf@frametitlebox=\box73
\mdf@footnotebox=\box74
\mdf@splitbox@one=\box75
\mdf@splitbox@two=\box76
\mdf@splitbox@save=\box77
\mdfsplitboxwidth=\skip92
\mdfsplitboxtotalwidth=\skip93
\mdfsplitboxheight=\skip94
\mdfsplitboxdepth=\skip95
\mdfsplitboxtotalheight=\skip96
\mdfframetitleboxwidth=\skip97
\mdfframetitleboxtotalwidth=\skip98
\mdfframetitleboxheight=\skip99
\mdfframetitleboxdepth=\skip100
\mdfframetitleboxtotalheight=\skip101
\mdffootnoteboxwidth=\skip102
\mdffootnoteboxtotalwidth=\skip103
\mdffootnoteboxheight=\skip104
\mdffootnoteboxdepth=\skip105
\mdffootnoteboxtotalheight=\skip106
\mdftotallinewidth=\skip107
\mdfboundingboxwidth=\skip108
\mdfboundingboxtotalwidth=\skip109
\mdfboundingboxheight=\skip110
\mdfboundingboxdepth=\skip111
\mdfboundingboxtotalheight=\skip112
\mdf@freevspace@length=\skip113
\mdf@horizontalwidthofbox@length=\skip114
\mdf@verticalmarginwhole@length=\skip115
\mdf@horizontalspaceofbox=\skip116
\mdfsubtitleheight=\skip117
\mdfsubsubtitleheight=\skip118
\c@mdfcountframes=\count302

****** mdframed patching \endmdf@trivlist

****** -- success******

\mdf@envdepth=\count303
\c@mdf@env@i=\count304
\c@mdf@env@ii=\count305
\c@mdf@zref@counter=\count306
Package zref Info: New property: mdf@pagevalue on input line 895.
) (c:/texlive/2023/texmf-dist/tex/generic/babel/babel.sty
Package: babel 2023/08/29 v3.93 The Babel package
\babel@savecnt=\count307
\U@D=\dimen265
\l@unhyphenated=\language87
 (c:/texlive/2023/texmf-dist/tex/generic/babel/txtbabel.def)
\bbl@readstream=\read3
\bbl@dirlevel=\count308
 (c:/texlive/2023/texmf-dist/tex/generic/babel-spanish/spanish.ldf
Language: spanish.ldf 2021/05/27 v5.0q Spanish support from the babel system
\es@quottoks=\toks33
\es@quotdepth=\count309
Package babel Info: Making " an active character on input line 570.
Package babel Info: Making . an active character on input line 675.
Package babel Info: Making < an active character on input line 722.
Package babel Info: Making > an active character on input line 722.
)) (c:/texlive/2023/texmf-dist/tex/generic/babel/locale/es/babel-spanish.tex
Package babel Info: Importing font and identification data for spanish
(babel)             from babel-es.ini. Reported on input line 11.
) (c:/texlive/2023/texmf-dist/tex/latex/amsfonts/amssymb.sty
Package: amssymb 2013/01/14 v3.01 AMS font symbols
 (c:/texlive/2023/texmf-dist/tex/latex/amsfonts/amsfonts.sty
Package: amsfonts 2013/01/14 v3.01 Basic AMSFonts support
\symAMSa=\mathgroup4
\symAMSb=\mathgroup5
LaTeX Font Info:    Redeclaring math symbol \hbar on input line 98.
LaTeX Font Info:    Overwriting math alphabet `\mathfrak' in version `bold'
(Font)                  U/euf/m/n --> U/euf/b/n on input line 106.
)) (c:/texlive/2023/texmf-dist/tex/latex/amsmath/amsmath.sty
Package: amsmath 2023/05/13 v2.17o AMS math features
\@mathmargin=\skip119

For additional information on amsmath, use the `?' option.
(c:/texlive/2023/texmf-dist/tex/latex/amsmath/amsbsy.sty
Package: amsbsy 1999/11/29 v1.2d Bold Symbols
\pmbraise@=\dimen266
) (c:/texlive/2023/texmf-dist/tex/latex/amsmath/amsopn.sty
Package: amsopn 2022/04/08 v2.04 operator names
)
\inf@bad=\count310
LaTeX Info: Redefining \frac on input line 234.
\uproot@=\count311
\leftroot@=\count312
LaTeX Info: Redefining \overline on input line 399.
LaTeX Info: Redefining \colon on input line 410.
\classnum@=\count313
\DOTSCASE@=\count314
LaTeX Info: Redefining \ldots on input line 496.
LaTeX Info: Redefining \dots on input line 499.
LaTeX Info: Redefining \cdots on input line 620.
\Mathstrutbox@=\box78
\strutbox@=\box79
LaTeX Info: Redefining \big on input line 722.
LaTeX Info: Redefining \Big on input line 723.
LaTeX Info: Redefining \bigg on input line 724.
LaTeX Info: Redefining \Bigg on input line 725.
\big@size=\dimen267
LaTeX Font Info:    Redeclaring font encoding OML on input line 743.
LaTeX Font Info:    Redeclaring font encoding OMS on input line 744.
\macc@depth=\count315
LaTeX Info: Redefining \bmod on input line 905.
LaTeX Info: Redefining \pmod on input line 910.
LaTeX Info: Redefining \smash on input line 940.
LaTeX Info: Redefining \relbar on input line 970.
LaTeX Info: Redefining \Relbar on input line 971.
\c@MaxMatrixCols=\count316
\dotsspace@=\muskip16
\c@parentequation=\count317
\dspbrk@lvl=\count318
\tag@help=\toks34
\row@=\count319
\column@=\count320
\maxfields@=\count321
\andhelp@=\toks35
\eqnshift@=\dimen268
\alignsep@=\dimen269
\tagshift@=\dimen270
\tagwidth@=\dimen271
\totwidth@=\dimen272
\lineht@=\dimen273
\@envbody=\toks36
\multlinegap=\skip120
\multlinetaggap=\skip121
\mathdisplay@stack=\toks37
LaTeX Info: Redefining \[ on input line 2953.
LaTeX Info: Redefining \] on input line 2954.
) (c:/texlive/2023/texmf-dist/tex/latex/esint/esint.sty
Package: esint 
\symlargesymbolsA=\mathgroup6
) (c:/texlive/2023/texmf-dist/tex/latex/hyperref/hyperref.sty
Package: hyperref 2023-07-08 v7.01b Hypertext links for LaTeX
 (c:/texlive/2023/texmf-dist/tex/generic/pdfescape/pdfescape.sty
Package: pdfescape 2019/12/09 v1.15 Implements pdfTeX's escape features (HO)
) (c:/texlive/2023/texmf-dist/tex/latex/hycolor/hycolor.sty
Package: hycolor 2020-01-27 v1.10 Color options for hyperref/bookmark (HO)
) (c:/texlive/2023/texmf-dist/tex/latex/letltxmacro/letltxmacro.sty
Package: letltxmacro 2019/12/03 v1.6 Let assignment for LaTeX macros (HO)
) (c:/texlive/2023/texmf-dist/tex/latex/hyperref/nameref.sty
Package: nameref 2023-08-07 v2.53 Cross-referencing by name of section
 (c:/texlive/2023/texmf-dist/tex/latex/refcount/refcount.sty
Package: refcount 2019/12/15 v3.6 Data extraction from label references (HO)
) (c:/texlive/2023/texmf-dist/tex/generic/gettitlestring/gettitlestring.sty
Package: gettitlestring 2019/12/15 v1.6 Cleanup title references (HO)
)
\c@section@level=\count322
)
\@linkdim=\dimen274
\Hy@linkcounter=\count323
\Hy@pagecounter=\count324
 (c:/texlive/2023/texmf-dist/tex/latex/hyperref/pd1enc.def
File: pd1enc.def 2023-07-08 v7.01b Hyperref: PDFDocEncoding definition (HO)
Now handling font encoding PD1 ...
... no UTF-8 mapping file for font encoding PD1
) (c:/texlive/2023/texmf-dist/tex/generic/intcalc/intcalc.sty
Package: intcalc 2019/12/15 v1.3 Expandable calculations with integers (HO)
)
\Hy@SavedSpaceFactor=\count325
 (c:/texlive/2023/texmf-dist/tex/latex/hyperref/puenc.def
File: puenc.def 2023-07-08 v7.01b Hyperref: PDF Unicode definition (HO)
Now handling font encoding PU ...
... no UTF-8 mapping file for font encoding PU
)
Package hyperref Info: Hyper figures OFF on input line 4167.
Package hyperref Info: Link nesting OFF on input line 4172.
Package hyperref Info: Hyper index ON on input line 4175.
Package hyperref Info: Plain pages OFF on input line 4182.
Package hyperref Info: Backreferencing OFF on input line 4187.
Package hyperref Info: Implicit mode ON; LaTeX internals redefined.
Package hyperref Info: Bookmarks ON on input line 4434.
\c@Hy@tempcnt=\count326
 (c:/texlive/2023/texmf-dist/tex/latex/url/url.sty
\Urlmuskip=\muskip17
Package: url 2013/09/16  ver 3.4  Verb mode for urls, etc.
)
LaTeX Info: Redefining \url on input line 4772.
\XeTeXLinkMargin=\dimen275
 (c:/texlive/2023/texmf-dist/tex/generic/bitset/bitset.sty
Package: bitset 2019/12/09 v1.3 Handle bit-vector datatype (HO)
 (c:/texlive/2023/texmf-dist/tex/generic/bigintcalc/bigintcalc.sty
Package: bigintcalc 2019/12/15 v1.5 Expandable calculations on big integers (HO)
))
\Fld@menulength=\count327
\Field@Width=\dimen276
\Fld@charsize=\dimen277
Package hyperref Info: Hyper figures OFF on input line 6051.
Package hyperref Info: Link nesting OFF on input line 6056.
Package hyperref Info: Hyper index ON on input line 6059.
Package hyperref Info: backreferencing OFF on input line 6066.
Package hyperref Info: Link coloring OFF on input line 6071.
Package hyperref Info: Link coloring with OCG OFF on input line 6076.
Package hyperref Info: PDF/A mode OFF on input line 6081.
\Hy@abspage=\count328
\c@Item=\count329
\c@Hfootnote=\count330
)
Package hyperref Info: Driver (autodetected): hpdftex.
 (c:/texlive/2023/texmf-dist/tex/latex/hyperref/hpdftex.def
File: hpdftex.def 2023-07-08 v7.01b Hyperref driver for pdfTeX
 (c:/texlive/2023/texmf-dist/tex/latex/base/atveryend-ltx.sty
Package: atveryend-ltx 2020/08/19 v1.0a Emulation of the original atveryend package
with kernel methods
)
\HyAnn@Count=\count331
\Fld@listcount=\count332
\c@bookmark@seq@number=\count333
 (c:/texlive/2023/texmf-dist/tex/latex/rerunfilecheck/rerunfilecheck.sty
Package: rerunfilecheck 2022-07-10 v1.10 Rerun checks for auxiliary files (HO)
 (c:/texlive/2023/texmf-dist/tex/generic/uniquecounter/uniquecounter.sty
Package: uniquecounter 2019/12/15 v1.4 Provide unlimited unique counter (HO)
)
Package uniquecounter Info: New unique counter `rerunfilecheck' on input line 285.
)
\Hy@SectionHShift=\skip122
) (c:/texlive/2023/texmf-dist/tex/latex/fancyhdr/fancyhdr.sty
Package: fancyhdr 2022/11/09 v4.1 Extensive control of page headers and footers
\f@nch@headwidth=\skip123
\f@nch@O@elh=\skip124
\f@nch@O@erh=\skip125
\f@nch@O@olh=\skip126
\f@nch@O@orh=\skip127
\f@nch@O@elf=\skip128
\f@nch@O@erf=\skip129
\f@nch@O@olf=\skip130
\f@nch@O@orf=\skip131
) (c:/texlive/2023/texmf-dist/tex/latex/pdfpages/pdfpages.sty
Package: pdfpages 2022/12/19 v0.5x Insert pages of external PDF documents (AM)
 (c:/texlive/2023/texmf-dist/tex/latex/base/ifthen.sty
Package: ifthen 2022/04/13 v1.1d Standard LaTeX ifthen package (DPC)
) (c:/texlive/2023/texmf-dist/tex/latex/tools/calc.sty
Package: calc 2017/05/25 v4.3 Infix arithmetic (KKT,FJ)
\calc@Acount=\count334
\calc@Bcount=\count335
\calc@Adimen=\dimen278
\calc@Bdimen=\dimen279
\calc@Askip=\skip132
\calc@Bskip=\skip133
LaTeX Info: Redefining \setlength on input line 80.
LaTeX Info: Redefining \addtolength on input line 81.
\calc@Ccount=\count336
\calc@Cskip=\skip134
) (c:/texlive/2023/texmf-dist/tex/latex/eso-pic/eso-pic.sty
Package: eso-pic 2023/05/03 v3.0c eso-pic (RN)
\ESO@tempdima=\dimen280
\ESO@tempdimb=\dimen281
)
\AM@pagewidth=\dimen282
\AM@pageheight=\dimen283
\AM@fboxrule=\dimen284
 (c:/texlive/2023/texmf-dist/tex/latex/pdfpages/pppdftex.def
File: pppdftex.def 2022/12/19 v0.5x Pdfpages driver for pdfTeX (AM)
)
\pdfpages@includegraphics@status=\count337
\AM@pagebox=\box80
\AM@global@opts=\toks38
\AM@pagecnt=\count338
\AM@toc@title=\toks39
\AM@lof@heading=\toks40
\c@AM@survey=\count339
\AM@templatesizebox=\box81
) (c:/texlive/2023/texmf-dist/tex/latex/tools/multicol.sty
Package: multicol 2023/03/30 v1.9f multicolumn formatting (FMi)
\c@tracingmulticols=\count340
\mult@box=\box82
\multicol@leftmargin=\dimen285
\c@unbalance=\count341
\c@collectmore=\count342
\doublecol@number=\count343
\multicoltolerance=\count344
\multicolpretolerance=\count345
\full@width=\dimen286
\page@free=\dimen287
\premulticols=\dimen288
\postmulticols=\dimen289
\multicolsep=\skip135
\multicolbaselineskip=\skip136
\partial@page=\box83
\last@line=\box84
\mc@boxedresult=\box85
\maxbalancingoverflow=\dimen290
\mult@rightbox=\box86
\mult@grightbox=\box87
\mult@firstbox=\box88
\mult@gfirstbox=\box89
\@tempa=\box90
\@tempa=\box91
\@tempa=\box92
\@tempa=\box93
\@tempa=\box94
\@tempa=\box95
\@tempa=\box96
\@tempa=\box97
\@tempa=\box98
\@tempa=\box99
\@tempa=\box100
\@tempa=\box101
\@tempa=\box102
\@tempa=\box103
\@tempa=\box104
\@tempa=\box105
\@tempa=\box106
\@tempa=\box107
\@tempa=\box108
\@tempa=\box109
\@tempa=\box110
\@tempa=\box111
\@tempa=\box112
\@tempa=\box113
\@tempa=\box114
\@tempa=\box115
\@tempa=\box116
\@tempa=\box117
\@tempa=\box118
\@tempa=\box119
\@tempa=\box120
\@tempa=\box121
\@tempa=\box122
\@tempa=\box123
\@tempa=\box124
\@tempa=\box125
\c@minrows=\count346
\c@columnbadness=\count347
\c@finalcolumnbadness=\count348
\last@try=\dimen291
\multicolovershoot=\dimen292
\multicolundershoot=\dimen293
\mult@nat@firstbox=\box126
\colbreak@box=\box127
\mc@col@check@num=\count349
)) (c:/texlive/2023/texmf-dist/tex/latex/comment/comment.sty
\CommentStream=\write4
 Excluding comment 'comment') (./commands.tex)
\c@defn=\count350
\c@prop=\count351
\c@ejercicio=\count352
 (./main.aux
LaTeX Info: Redefining \. on input line 23.
LaTeX Info: Redefining \% on input line 23.
)
\openout1 = `main.aux'.

LaTeX Font Info:    Checking defaults for OML/cmm/m/it on input line 12.
LaTeX Font Info:    ... okay on input line 12.
LaTeX Font Info:    Checking defaults for OMS/cmsy/m/n on input line 12.
LaTeX Font Info:    ... okay on input line 12.
LaTeX Font Info:    Checking defaults for OT1/cmr/m/n on input line 12.
LaTeX Font Info:    ... okay on input line 12.
LaTeX Font Info:    Checking defaults for T1/cmr/m/n on input line 12.
LaTeX Font Info:    ... okay on input line 12.
LaTeX Font Info:    Checking defaults for TS1/cmr/m/n on input line 12.
LaTeX Font Info:    ... okay on input line 12.
LaTeX Font Info:    Checking defaults for OMX/cmex/m/n on input line 12.
LaTeX Font Info:    ... okay on input line 12.
LaTeX Font Info:    Checking defaults for U/cmr/m/n on input line 12.
LaTeX Font Info:    ... okay on input line 12.
LaTeX Font Info:    Checking defaults for PD1/pdf/m/n on input line 12.
LaTeX Font Info:    ... okay on input line 12.
LaTeX Font Info:    Checking defaults for PU/pdf/m/n on input line 12.
LaTeX Font Info:    ... okay on input line 12.

*geometry* driver: auto-detecting
*geometry* detected driver: pdftex
*geometry* verbose mode - [ preamble ] result:
* driver: pdftex
* paper: a4paper
* layout: <same size as paper>
* layoutoffset:(h,v)=(0.0pt,0.0pt)
* modes: twoside 
* h-part:(L,W,R)=(56.9055pt, 483.69687pt, 56.9055pt)
* v-part:(T,H,B)=(42.67912pt, 745.46222pt, 56.9055pt)
* \paperwidth=597.50787pt
* \paperheight=845.04684pt
* \textwidth=483.69687pt
* \textheight=745.46222pt
* \oddsidemargin=-15.36449pt
* \evensidemargin=-15.36449pt
* \topmargin=-61.46466pt
* \headheight=12.0pt
* \headsep=19.8738pt
* \topskip=12.0pt
* \footskip=30.0pt
* \marginparwidth=88.0pt
* \marginparsep=7.0pt
* \columnsep=10.0pt
* \skip\footins=10.8pt plus 4.0pt minus 2.0pt
* \hoffset=0.0pt
* \voffset=0.0pt
* \mag=1000
* \@twocolumnfalse
* \@twosidetrue
* \@mparswitchtrue
* \@reversemarginfalse
* (1in=72.27pt=25.4mm, 1cm=28.453pt)

(c:/texlive/2023/texmf-dist/tex/latex/translations/translations-basic-dictionary-spanish.trsl
File: translations-basic-dictionary-spanish.trsl (spanish translation file `translations-basic-dictionary')
)
Package translations Info: loading dictionary `translations-basic-dictionary' for `spanish'. on input line 12.
 (c:/texlive/2023/texmf-dist/tex/context/base/mkii/supp-pdf.mkii
[Loading MPS to PDF converter (version 2006.09.02).]
\scratchcounter=\count353
\scratchdimen=\dimen294
\scratchbox=\box128
\nofMPsegments=\count354
\nofMParguments=\count355
\everyMPshowfont=\toks41
\MPscratchCnt=\count356
\MPscratchDim=\dimen295
\MPnumerator=\count357
\makeMPintoPDFobject=\count358
\everyMPtoPDFconversion=\toks42
) (c:/texlive/2023/texmf-dist/tex/latex/epstopdf-pkg/epstopdf-base.sty
Package: epstopdf-base 2020-01-24 v2.11 Base part for package epstopdf
Package epstopdf-base Info: Redefining graphics rule for `.eps' on input line 485.
 (c:/texlive/2023/texmf-dist/tex/latex/latexconfig/epstopdf-sys.cfg
File: epstopdf-sys.cfg 2010/07/13 v1.3 Configuration of (r)epstopdf for TeX Live
))
LaTeX Info: Redefining \. on input line 12.
LaTeX Info: Redefining \% on input line 12.
Package hyperref Info: Link coloring OFF on input line 12.
 (./main.out) (./main.out)
\@outlinefile=\write5
\openout5 = `main.out'.

 (c:/texlive/2023/texmf-dist/tex/latex/pdflscape/pdflscape.sty
Package: pdflscape 2022-10-27 v0.13 Display of landscape pages in PDF
 (c:/texlive/2023/texmf-dist/tex/latex/pdflscape/pdflscape-nometadata.sty
Package: pdflscape-nometadata 2022-10-28 v0.13 Display of landscape pages in PDF (HO)
 (c:/texlive/2023/texmf-dist/tex/latex/graphics/lscape.sty
Package: lscape 2020/05/28 v3.02 Landscape Pages (DPC)
)
Package pdflscape Info: Auto-detected driver: pdftex on input line 81.
))
<./images/untref.png, id=111, 733.23938pt x 105.39375pt>
File: ./images/untref.png Graphic file (type png)
<use ./images/untref.png>
Package pdftex.def Info: ./images/untref.png  used on input line 24.
(pdftex.def)             Requested size: 241.84843pt x 34.76234pt.
 [1


{c:/texlive/2023/texmf-var/fonts/map/pdftex/updmap/pdftex.map} <./images/untref.png>]
Package mdframed Info: mdframed works in twoside mode on input line 81.
Package mdframed Info: mdframed works in twoside mode on input line 86.
Package mdframed Info: mdframed works in twoside mode on input line 91.
Package mdframed Info: mdframed works in twoside mode on input line 96.
LaTeX Font Info:    Trying to load font information for U+msa on input line 103.
 (c:/texlive/2023/texmf-dist/tex/latex/amsfonts/umsa.fd
File: umsa.fd 2013/01/14 v3.01 AMS symbols A
)
LaTeX Font Info:    Trying to load font information for U+msb on input line 103.
 (c:/texlive/2023/texmf-dist/tex/latex/amsfonts/umsb.fd
File: umsb.fd 2013/01/14 v3.01 AMS symbols B
)
LaTeX Font Info:    Trying to load font information for U+esint on input line 103.
 (c:/texlive/2023/texmf-dist/tex/latex/esint/uesint.fd
File: uesint.fd 
) [2

] (./main.toc
LaTeX Info: Redefining \. on input line 1.
LaTeX Info: Redefining \% on input line 1.
)
\tf@toc=\write6
\openout6 = `main.toc'.

 [3

]
LaTeX Info: Redefining \. on input line 115.
LaTeX Info: Redefining \% on input line 115.
 [4

]
Cap\'{\i }tulo 1.
Package mdframed Info: mdframed works in twoside mode on input line 124.
Package mdframed Info: mdframed works in twoside mode on input line 129.
[1

]
Package mdframed Info: mdframed works in twoside mode on input line 182.
Package mdframed Info: Box was splittet wrong
 starting loop to iterate the splitting point
(mdframed)              on input line 288.
LaTeX Info: Redefining \. on input line 288.
LaTeX Info: Redefining \% on input line 288.
 [2]
Underfull \vbox (badness 10000) has occurred while \output is active []

LaTeX Info: Redefining \. on input line 290.
LaTeX Info: Redefining \% on input line 290.
 [3]
Package mdframed Info: mdframed works in twoside mode on input line 290.
Package mdframed Info: Not enough space on this page on input line 303.
Package mdframed Info: mdframed works in twoside mode on input line 311.
Package mdframed Info: mdframed works in twoside mode on input line 323.
Package mdframed Info: Box was splittet wrong
 starting loop to iterate the splitting point
(mdframed)              on input line 333.
LaTeX Info: Redefining \. on input line 333.
LaTeX Info: Redefining \% on input line 333.
 [4]
Package mdframed Info: mdframed works in twoside mode on input line 335.
Package mdframed Info: mdframed works in twoside mode on input line 347.
 (./images/ch1-mru-1.pdf_tex
<./images/ch1-mru-1.pdf, id=257, page=1, 341.43306pt x 512.1496pt>
File: ./images/ch1-mru-1.pdf Graphic file (type pdf)
<use ./images/ch1-mru-1.pdf, page 1>
Package pdftex.def Info: ./images/ch1-mru-1.pdf , page1 used on input line 56.
(pdftex.def)             Requested size: 276.54094pt x 414.8389pt.
<./images/ch1-mru-1.pdf, id=258, page=2, 341.43306pt x 512.1496pt>
File: ./images/ch1-mru-1.pdf Graphic file (type pdf)
<use ./images/ch1-mru-1.pdf, page 2>
Package pdftex.def Info: ./images/ch1-mru-1.pdf , page2 used on input line 80.
(pdftex.def)             Requested size: 276.54094pt x 414.8389pt.
)
Package mdframed Info: Box was splittet wrong
 starting loop to iterate the splitting point
(mdframed)              on input line 359.
LaTeX Info: Redefining \. on input line 359.
LaTeX Info: Redefining \% on input line 359.
 [5 <./images/ch1-mru-1.pdf> <./images/ch1-mru-1.pdf

pdfTeX warning: pdflatex.exe (file ./images/ch1-mru-1.pdf): PDF inclusion: multiple pdfs with page group included in a single page
>]
Package mdframed Info: mdframed works in twoside mode on input line 361.
Package mdframed Info: mdframed works in twoside mode on input line 374.
Package mdframed Info: mdframed works in twoside mode on input line 390.
LaTeX Info: Redefining \. on input line 413.
LaTeX Info: Redefining \% on input line 413.
 [6]
Package mdframed Info: mdframed works in twoside mode on input line 415.
Package mdframed Info: mdframed works in twoside mode on input line 425.
Package mdframed Info: mdframed works in twoside mode on input line 431.
Package mdframed Info: mdframed works in twoside mode on input line 441.
LaTeX Info: Redefining \. on input line 449.
LaTeX Info: Redefining \% on input line 449.
 [7]
Package mdframed Info: mdframed works in twoside mode on input line 451.
Package mdframed Info: mdframed works in twoside mode on input line 465.
 (./images/ch1-mruv-1.pdf_tex
<./images/ch1-mruv-1.pdf, id=300, page=1, 341.43306pt x 227.62204pt>
File: ./images/ch1-mruv-1.pdf Graphic file (type pdf)
<use ./images/ch1-mruv-1.pdf, page 1>
Package pdftex.def Info: ./images/ch1-mruv-1.pdf , page1 used on input line 56.
(pdftex.def)             Requested size: 230.44844pt x 153.63477pt.
<./images/ch1-mruv-1.pdf, id=301, page=2, 341.43306pt x 227.62204pt>
File: ./images/ch1-mruv-1.pdf Graphic file (type pdf)
<use ./images/ch1-mruv-1.pdf, page 2>
Package pdftex.def Info: ./images/ch1-mruv-1.pdf , page2 used on input line 62.
(pdftex.def)             Requested size: 230.44844pt x 153.63477pt.
<./images/ch1-mruv-1.pdf, id=302, page=3, 341.43306pt x 227.62204pt>
File: ./images/ch1-mruv-1.pdf Graphic file (type pdf)
<use ./images/ch1-mruv-1.pdf, page 3>
Package pdftex.def Info: ./images/ch1-mruv-1.pdf , page3 used on input line 66.
(pdftex.def)             Requested size: 230.44844pt x 153.63477pt.
)
Package mdframed Info: mdframed works in twoside mode on input line 481.
Package mdframed Info: Not enough space on this page on input line 492.
LaTeX Info: Redefining \. on input line 492.
LaTeX Info: Redefining \% on input line 492.
 [8 <./images/ch1-mruv-1.pdf> <./images/ch1-mruv-1.pdf

pdfTeX warning: pdflatex.exe (file ./images/ch1-mruv-1.pdf): PDF inclusion: multiple pdfs with page group included in a single page
> <./images/ch1-mruv-1.pdf

pdfTeX warning: pdflatex.exe (file ./images/ch1-mruv-1.pdf): PDF inclusion: multiple pdfs with page group included in a single page
>]
Package mdframed Info: Not enough space on this page on input line 492.
Package mdframed Info: mdframed works in twoside mode on input line 494.
 (./images/ch1-mruv-2.pdf_tex
<./images/ch1-mruv-2.pdf, id=321, page=1, 455.2441pt x 341.43306pt>
File: ./images/ch1-mruv-2.pdf Graphic file (type pdf)
<use ./images/ch1-mruv-2.pdf, page 1>
Package pdftex.def Info: ./images/ch1-mruv-2.pdf , page1 used on input line 56.
(pdftex.def)             Requested size: 368.7189pt x 276.54883pt.
<./images/ch1-mruv-2.pdf, id=322, page=2, 455.2441pt x 341.43306pt>
File: ./images/ch1-mruv-2.pdf Graphic file (type pdf)
<use ./images/ch1-mruv-2.pdf, page 2>
Package pdftex.def Info: ./images/ch1-mruv-2.pdf , page2 used on input line 61.
(pdftex.def)             Requested size: 368.7189pt x 276.54883pt.
<./images/ch1-mruv-2.pdf, id=323, page=3, 455.2441pt x 341.43306pt>
File: ./images/ch1-mruv-2.pdf Graphic file (type pdf)
<use ./images/ch1-mruv-2.pdf, page 3>
Package pdftex.def Info: ./images/ch1-mruv-2.pdf , page3 used on input line 66.
(pdftex.def)             Requested size: 368.7189pt x 276.54883pt.
<./images/ch1-mruv-2.pdf, id=324, page=4, 455.2441pt x 341.43306pt>
File: ./images/ch1-mruv-2.pdf Graphic file (type pdf)
<use ./images/ch1-mruv-2.pdf, page 4>
Package pdftex.def Info: ./images/ch1-mruv-2.pdf , page4 used on input line 71.
(pdftex.def)             Requested size: 368.7189pt x 276.54883pt.
<./images/ch1-mruv-2.pdf, id=325, page=5, 455.2441pt x 341.43306pt>
File: ./images/ch1-mruv-2.pdf Graphic file (type pdf)
<use ./images/ch1-mruv-2.pdf, page 5>
Package pdftex.def Info: ./images/ch1-mruv-2.pdf , page5 used on input line 76.
(pdftex.def)             Requested size: 368.7189pt x 276.54883pt.
<./images/ch1-mruv-2.pdf, id=326, page=6, 455.2441pt x 341.43306pt>
File: ./images/ch1-mruv-2.pdf Graphic file (type pdf)
<use ./images/ch1-mruv-2.pdf, page 6>
Package pdftex.def Info: ./images/ch1-mruv-2.pdf , page6 used on input line 81.
(pdftex.def)             Requested size: 368.7189pt x 276.54883pt.
)
Package mdframed Info: mdframed works in twoside mode on input line 510.
Package mdframed Info: Not enough space on this page on input line 520.
LaTeX Info: Redefining \. on input line 520.
LaTeX Info: Redefining \% on input line 520.
 [9 <./images/ch1-mruv-2.pdf> <./images/ch1-mruv-2.pdf

pdfTeX warning: pdflatex.exe (file ./images/ch1-mruv-2.pdf): PDF inclusion: multiple pdfs with page group included in a single page
> <./images/ch1-mruv-2.pdf

pdfTeX warning: pdflatex.exe (file ./images/ch1-mruv-2.pdf): PDF inclusion: multiple pdfs with page group included in a single page
> <./images/ch1-mruv-2.pdf

pdfTeX warning: pdflatex.exe (file ./images/ch1-mruv-2.pdf): PDF inclusion: multiple pdfs with page group included in a single page
> <./images/ch1-mruv-2.pdf

pdfTeX warning: pdflatex.exe (file ./images/ch1-mruv-2.pdf): PDF inclusion: multiple pdfs with page group included in a single page
> <./images/ch1-mruv-2.pdf

pdfTeX warning: pdflatex.exe (file ./images/ch1-mruv-2.pdf): PDF inclusion: multiple pdfs with page group included in a single page
>]
Package mdframed Info: Not enough space on this page on input line 520.
Package mdframed Info: mdframed works in twoside mode on input line 522.
 (./images/ch1-mruv-3.pdf_tex
<./images/ch1-mruv-3.pdf, id=358, page=1, 312.98033pt x 241.84843pt>
File: ./images/ch1-mruv-3.pdf Graphic file (type pdf)
<use ./images/ch1-mruv-3.pdf, page 1>
Package pdftex.def Info: ./images/ch1-mruv-3.pdf , page1 used on input line 56.
(pdftex.def)             Requested size: 230.44844pt x 178.07936pt.
)
Package mdframed Info: mdframed works in twoside mode on input line 540.
 (./images/ch1-mruv-5.pdf_tex
<./images/ch1-mruv-5.pdf, id=359, page=1, 312.98033pt x 213.39566pt>
File: ./images/ch1-mruv-5.pdf Graphic file (type pdf)
<use ./images/ch1-mruv-5.pdf, page 1>
Package pdftex.def Info: ./images/ch1-mruv-5.pdf , page1 used on input line 56.
(pdftex.def)             Requested size: 276.54094pt x 188.55396pt.
<./images/ch1-mruv-5.pdf, id=360, page=2, 312.98033pt x 213.39566pt>
File: ./images/ch1-mruv-5.pdf Graphic file (type pdf)
<use ./images/ch1-mruv-5.pdf, page 2>
Package pdftex.def Info: ./images/ch1-mruv-5.pdf , page2 used on input line 63.
(pdftex.def)             Requested size: 276.54094pt x 188.55396pt.
)
LaTeX Info: Redefining \. on input line 554.
LaTeX Info: Redefining \% on input line 554.
 [10 <./images/ch1-mruv-3.pdf>]
Package mdframed Info: mdframed works in twoside mode on input line 559.
Package mdframed Info: mdframed works in twoside mode on input line 564.
Package mdframed Info: mdframed works in twoside mode on input line 576.
Package mdframed Info: Not enough space on this page on input line 585.
LaTeX Info: Redefining \. on input line 585.
LaTeX Info: Redefining \% on input line 585.
 [11 <./images/ch1-mruv-5.pdf> <./images/ch1-mruv-5.pdf

pdfTeX warning: pdflatex.exe (file ./images/ch1-mruv-5.pdf): PDF inclusion: multiple pdfs with page group included in a single page
>]
Package mdframed Info: Not enough space on this page on input line 585.
Package mdframed Info: mdframed works in twoside mode on input line 587.
Package mdframed Info: mdframed works in twoside mode on input line 596.
Package mdframed Info: mdframed works in twoside mode on input line 603.
Package mdframed Info: mdframed works in twoside mode on input line 611.
Package mdframed Info: mdframed works in twoside mode on input line 618.
Package mdframed Info: mdframed works in twoside mode on input line 630.
Package mdframed Info: Not enough space on this page on input line 640.
LaTeX Info: Redefining \. on input line 640.
LaTeX Info: Redefining \% on input line 640.
 [12]
Package mdframed Info: Not enough space on this page on input line 640.
Package mdframed Info: mdframed works in twoside mode on input line 642.
Package mdframed Info: mdframed works in twoside mode on input line 655.
Package mdframed Info: mdframed works in twoside mode on input line 662.
Package mdframed Info: mdframed works in twoside mode on input line 673.
LaTeX Info: Redefining \. on input line 684.
LaTeX Info: Redefining \% on input line 684.
 [13]
Package mdframed Info: mdframed works in twoside mode on input line 686.
Package mdframed Info: mdframed works in twoside mode on input line 692.
 (./images/ch1-mruv-4.pdf_tex
<./images/ch1-mruv-4.pdf, id=431, page=1, 284.52756pt x 256.0748pt>
File: ./images/ch1-mruv-4.pdf Graphic file (type pdf)
<use ./images/ch1-mruv-4.pdf, page 1>
Package pdftex.def Info: ./images/ch1-mruv-4.pdf , page1 used on input line 56.
(pdftex.def)             Requested size: 184.35593pt x 165.92305pt.
)
Package mdframed Info: mdframed works in twoside mode on input line 714.
Package mdframed Info: Not enough space on this page on input line 728.
LaTeX Info: Redefining \. on input line 728.
LaTeX Info: Redefining \% on input line 728.
 [14 <./images/ch1-mruv-4.pdf>]
Package mdframed Info: Not enough space on this page on input line 728.
Package mdframed Info: mdframed works in twoside mode on input line 733.
Package mdframed Info: mdframed works in twoside mode on input line 743.

Underfull \hbox (badness 10000) in paragraph at lines 747--747
[][][]\OT1/cmr/m/n/10 Ver []$\OT1/cmtt/m/n/10 https : / / drive . google . com / file / d / 1PRBHa9eAYcsvM3J5nzo3rrrN0vbr4PIQ / view ? usp =
 []

Package mdframed Info: mdframed works in twoside mode on input line 755.
LaTeX Info: Redefining \. on input line 770.
LaTeX Info: Redefining \% on input line 770.
[15]
Package mdframed Info: mdframed works in twoside mode on input line 772.
Package mdframed Info: mdframed works in twoside mode on input line 788.
Package mdframed Info: mdframed works in twoside mode on input line 803.
 (./images/ch1-esquiador.pdf_tex
<./images/ch1-esquiador.pdf, id=470, page=1, 483.69685pt x 312.98033pt>
File: ./images/ch1-esquiador.pdf Graphic file (type pdf)
<use ./images/ch1-esquiador.pdf, page 1>
Package pdftex.def Info: ./images/ch1-esquiador.pdf , page1 used on input line 56.
(pdftex.def)             Requested size: 368.7189pt x 238.58386pt.
)
Package mdframed Info: Not enough space on this page on input line 813.
LaTeX Info: Redefining \. on input line 813.
LaTeX Info: Redefining \% on input line 813.
 [16]
Package mdframed Info: Not enough space on this page on input line 813.
Package mdframed Info: mdframed works in twoside mode on input line 815.
Package mdframed Info: mdframed works in twoside mode on input line 831.
LaTeX Info: Redefining \. on input line 840.
LaTeX Info: Redefining \% on input line 840.
 [17 <./images/ch1-esquiador.pdf>]
Package mdframed Info: mdframed works in twoside mode on input line 845.
Package mdframed Info: mdframed works in twoside mode on input line 864.
Package mdframed Info: mdframed works in twoside mode on input line 875.
Package mdframed Info: mdframed works in twoside mode on input line 881.
 (./images/ch1-mcu-1.pdf_tex
<./images/ch1-mcu-1.pdf, id=516, page=1, 284.52756pt x 113.81102pt>
File: ./images/ch1-mcu-1.pdf Graphic file (type pdf)
<use ./images/ch1-mcu-1.pdf, page 1>
Package pdftex.def Info: ./images/ch1-mcu-1.pdf , page1 used on input line 56.
(pdftex.def)             Requested size: 276.54094pt x 110.62578pt.
)
LaTeX Info: Redefining \. on input line 894.
LaTeX Info: Redefining \% on input line 894.
 [18]
Package mdframed Info: Not enough space on this page on input line 894.
Package mdframed Info: mdframed works in twoside mode on input line 896.
Package mdframed Info: mdframed works in twoside mode on input line 903.
Package mdframed Info: mdframed works in twoside mode on input line 914.
LaTeX Info: Redefining \. on input line 926.
LaTeX Info: Redefining \% on input line 926.
 [19 <./images/ch1-mcu-1.pdf>]
Package mdframed Info: Not enough space on this page on input line 926.
Package mdframed Info: mdframed works in twoside mode on input line 928.
 (./images/ch1-mcu-2.pdf_tex
<./images/ch1-mcu-2.pdf, id=565, page=1, 227.62204pt x 227.62204pt>
File: ./images/ch1-mcu-2.pdf Graphic file (type pdf)
<use ./images/ch1-mcu-2.pdf, page 1>
Package pdftex.def Info: ./images/ch1-mcu-2.pdf , page1 used on input line 56.
(pdftex.def)             Requested size: 184.35593pt x 184.36241pt.
)
Package mdframed Info: mdframed works in twoside mode on input line 942.
Package mdframed Info: mdframed works in twoside mode on input line 952.
 (./images/ch1-mcu-3.pdf_tex
<./images/ch1-mcu-3.pdf, id=566, page=1, 426.79132pt x 142.26378pt>
File: ./images/ch1-mcu-3.pdf Graphic file (type pdf)
<use ./images/ch1-mcu-3.pdf, page 1>
Package pdftex.def Info: ./images/ch1-mcu-3.pdf , page1 used on input line 56.
(pdftex.def)             Requested size: 368.7189pt x 122.90886pt.
<./images/ch1-mcu-3.pdf, id=567, page=2, 426.79132pt x 142.26378pt>
File: ./images/ch1-mcu-3.pdf Graphic file (type pdf)
<use ./images/ch1-mcu-3.pdf, page 2>
Package pdftex.def Info: ./images/ch1-mcu-3.pdf , page2 used on input line 62.
(pdftex.def)             Requested size: 368.7189pt x 122.90886pt.
)
LaTeX Info: Redefining \. on input line 968.
LaTeX Info: Redefining \% on input line 968.
 [20 <./images/ch1-mcu-2.pdf>]
Package mdframed Info: mdframed works in twoside mode on input line 970.
Package mdframed Info: mdframed works in twoside mode on input line 979.
 (./images/ch1-mcuv-1.pdf_tex
<./images/ch1-mcuv-1.pdf, id=586, page=1, 184.94292pt x 156.49016pt>
File: ./images/ch1-mcuv-1.pdf Graphic file (type pdf)
<use ./images/ch1-mcuv-1.pdf, page 1>
Package pdftex.def Info: ./images/ch1-mcuv-1.pdf , page1 used on input line 56.
(pdftex.def)             Requested size: 184.35593pt x 155.99547pt.
)
Package mdframed Info: mdframed works in twoside mode on input line 995.
 (./images/ch1-mcuv-2.pdf_tex
<./images/ch1-mcuv-2.pdf, id=587, page=1, 227.62204pt x 199.1693pt>
File: ./images/ch1-mcuv-2.pdf Graphic file (type pdf)
<use ./images/ch1-mcuv-2.pdf, page 1>
Package pdftex.def Info: ./images/ch1-mcuv-2.pdf , page1 used on input line 56.
(pdftex.def)             Requested size: 230.44844pt x 201.6517pt.
<./images/ch1-mcuv-2.pdf, id=588, page=2, 227.62204pt x 199.1693pt>
File: ./images/ch1-mcuv-2.pdf Graphic file (type pdf)
<use ./images/ch1-mcuv-2.pdf, page 2>
Package pdftex.def Info: ./images/ch1-mcuv-2.pdf , page2 used on input line 61.
(pdftex.def)             Requested size: 230.44844pt x 201.6517pt.
<./images/ch1-mcuv-2.pdf, id=589, page=3, 227.62204pt x 199.1693pt>
File: ./images/ch1-mcuv-2.pdf Graphic file (type pdf)
<use ./images/ch1-mcuv-2.pdf, page 3>
Package pdftex.def Info: ./images/ch1-mcuv-2.pdf , page3 used on input line 63.
(pdftex.def)             Requested size: 230.44844pt x 201.6517pt.
)
LaTeX Info: Redefining \. on input line 1005.
LaTeX Info: Redefining \% on input line 1005.
 [21 <./images/ch1-mcu-3.pdf> <./images/ch1-mcu-3.pdf

pdfTeX warning: pdflatex.exe (file ./images/ch1-mcu-3.pdf): PDF inclusion: multiple pdfs with page group included in a single page
> <./images/ch1-mcuv-1.pdf

pdfTeX warning: pdflatex.exe (file ./images/ch1-mcuv-1.pdf): PDF inclusion: multiple pdfs with page group included in a single page
>]
Package mdframed Info: Not enough space on this page on input line 1005.
Package mdframed Info: mdframed works in twoside mode on input line 1007.
LaTeX Info: Redefining \. on input line 1014.
LaTeX Info: Redefining \% on input line 1014.
 [22 <./images/ch1-mcuv-2.pdf> <./images/ch1-mcuv-2.pdf

pdfTeX warning: pdflatex.exe (file ./images/ch1-mcuv-2.pdf): PDF inclusion: multiple pdfs with page group included in a single page
> <./images/ch1-mcuv-2.pdf

pdfTeX warning: pdflatex.exe (file ./images/ch1-mcuv-2.pdf): PDF inclusion: multiple pdfs with page group included in a single page
>]
Cap\'{\i }tulo 2.
Package mdframed Info: mdframed works in twoside mode on input line 1019.
Package mdframed Info: mdframed works in twoside mode on input line 1023.
[23

]
Package mdframed Info: mdframed works in twoside mode on input line 1044.
Package mdframed Info: mdframed works in twoside mode on input line 1059.
Package mdframed Info: mdframed works in twoside mode on input line 1072.
 (./images/dinamica-normal-1.pdf_tex
<./images/dinamica-normal-1.pdf, id=637, page=1, 256.0748pt x 184.94292pt>
File: ./images/dinamica-normal-1.pdf Graphic file (type pdf)
<use ./images/dinamica-normal-1.pdf, page 1>
Package pdftex.def Info: ./images/dinamica-normal-1.pdf , page1 used on input line 56.
(pdftex.def)             Requested size: 184.35593pt x 133.15031pt.
<./images/dinamica-normal-1.pdf, id=638, page=2, 256.0748pt x 184.94292pt>
File: ./images/dinamica-normal-1.pdf Graphic file (type pdf)
<use ./images/dinamica-normal-1.pdf, page 2>
Package pdftex.def Info: ./images/dinamica-normal-1.pdf , page2 used on input line 60.
(pdftex.def)             Requested size: 184.35593pt x 133.15031pt.
)
LaTeX Info: Redefining \. on input line 1081.
LaTeX Info: Redefining \% on input line 1081.
 [24]
Package mdframed Info: mdframed works in twoside mode on input line 1083.
 (./images/dinamica-normal-2.pdf_tex
<./images/dinamica-normal-2.pdf, id=657, page=1, 227.62204pt x 142.26378pt>
File: ./images/dinamica-normal-2.pdf Graphic file (type pdf)
<use ./images/dinamica-normal-2.pdf, page 1>
Package pdftex.def Info: ./images/dinamica-normal-2.pdf , page1 used on input line 56.
(pdftex.def)             Requested size: 276.54094pt x 172.85822pt.
)
Package mdframed Info: mdframed works in twoside mode on input line 1097.
 (./images/dinamica-tension-1.pdf_tex
<./images/dinamica-tension-1.pdf, id=658, page=1, 455.2441pt x 142.26378pt>
File: ./images/dinamica-tension-1.pdf Graphic file (type pdf)
<use ./images/dinamica-tension-1.pdf, page 1>
Package pdftex.def Info: ./images/dinamica-tension-1.pdf , page1 used on input line 56.
(pdftex.def)             Requested size: 460.89688pt x 144.03694pt.
<./images/dinamica-tension-1.pdf, id=659, page=2, 455.2441pt x 142.26378pt>
File: ./images/dinamica-tension-1.pdf Graphic file (type pdf)
<use ./images/dinamica-tension-1.pdf, page 2>
Package pdftex.def Info: ./images/dinamica-tension-1.pdf , page2 used on input line 65.
(pdftex.def)             Requested size: 460.89688pt x 144.03694pt.
)
Package mdframed Info: mdframed works in twoside mode on input line 1108.
LaTeX Info: Redefining \. on input line 1116.
LaTeX Info: Redefining \% on input line 1116.
 [25 <./images/dinamica-normal-1.pdf> <./images/dinamica-normal-1.pdf

pdfTeX warning: pdflatex.exe (file ./images/dinamica-normal-1.pdf): PDF inclusion: multiple pdfs with page group included in a single page
> <./images/dinamica-normal-2.pdf

pdfTeX warning: pdflatex.exe (file ./images/dinamica-normal-2.pdf): PDF inclusion: multiple pdfs with page group included in a single page
> <./images/dinamica-tension-1.pdf

pdfTeX warning: pdflatex.exe (file ./images/dinamica-tension-1.pdf): PDF inclusion: multiple pdfs with page group included in a single page
> <./images/dinamica-tension-1.pdf

pdfTeX warning: pdflatex.exe (file ./images/dinamica-tension-1.pdf): PDF inclusion: multiple pdfs with page group included in a single page
>]
Package mdframed Info: Not enough space on this page on input line 1116.
Package mdframed Info: mdframed works in twoside mode on input line 1118.
 (./images/dinamica-normal-4.pdf_tex
<./images/dinamica-normal-4.pdf, id=692, page=1, 312.98033pt x 227.62204pt>
File: ./images/dinamica-normal-4.pdf Graphic file (type pdf)
<use ./images/dinamica-normal-4.pdf, page 1>
Package pdftex.def Info: ./images/dinamica-normal-4.pdf , page1 used on input line 56.
(pdftex.def)             Requested size: 276.54094pt x 201.1242pt.
<./images/dinamica-normal-4.pdf, id=693, page=2, 312.98033pt x 227.62204pt>
File: ./images/dinamica-normal-4.pdf Graphic file (type pdf)
<use ./images/dinamica-normal-4.pdf, page 2>
Package pdftex.def Info: ./images/dinamica-normal-4.pdf , page2 used on input line 65.
(pdftex.def)             Requested size: 276.54094pt x 201.1242pt.
)
Package mdframed Info: mdframed works in twoside mode on input line 1129.
 (./images/dinamica-normal-3.pdf_tex
<./images/dinamica-normal-3.pdf, id=694, page=1, 241.84843pt x 85.35826pt>
File: ./images/dinamica-normal-3.pdf Graphic file (type pdf)
<use ./images/dinamica-normal-3.pdf, page 1>
Package pdftex.def Info: ./images/dinamica-normal-3.pdf , page1 used on input line 56.
(pdftex.def)             Requested size: 276.54094pt x 97.60378pt.
)
Package mdframed Info: mdframed works in twoside mode on input line 1141.
 (./images/dinamica-peso-1.pdf_tex
<./images/dinamica-peso-1.pdf, id=695, page=1, 398.3386pt x 170.71654pt>
File: ./images/dinamica-peso-1.pdf Graphic file (type pdf)
<use ./images/dinamica-peso-1.pdf, page 1>
Package pdftex.def Info: ./images/dinamica-peso-1.pdf , page1 used on input line 56.
(pdftex.def)             Requested size: 368.7189pt x 158.03014pt.
)
LaTeX Info: Redefining \. on input line 1154.
LaTeX Info: Redefining \% on input line 1154.
 [26 <./images/dinamica-normal-4.pdf> <./images/dinamica-normal-4.pdf

pdfTeX warning: pdflatex.exe (file ./images/dinamica-normal-4.pdf): PDF inclusion: multiple pdfs with page group included in a single page
> <./images/dinamica-normal-3.pdf

pdfTeX warning: pdflatex.exe (file ./images/dinamica-normal-3.pdf): PDF inclusion: multiple pdfs with page group included in a single page
>]
Package mdframed Info: mdframed works in twoside mode on input line 1156.
Package mdframed Info: mdframed works in twoside mode on input line 1172.
Package mdframed Info: mdframed works in twoside mode on input line 1185.
LaTeX Info: Redefining \. on input line 1196.
LaTeX Info: Redefining \% on input line 1196.
 [27 <./images/dinamica-peso-1.pdf>]
Package mdframed Info: mdframed works in twoside mode on input line 1198.
Package mdframed Info: mdframed works in twoside mode on input line 1211.
 (./images/dinamica-tension-3.pdf_tex
<./images/dinamica-tension-3.pdf, id=735, page=1, 369.88583pt x 227.62204pt>
File: ./images/dinamica-tension-3.pdf Graphic file (type pdf)
<use ./images/dinamica-tension-3.pdf, page 1>
Package pdftex.def Info: ./images/dinamica-tension-3.pdf , page1 used on input line 56.
(pdftex.def)             Requested size: 230.44844pt x 141.81537pt.
<./images/dinamica-tension-3.pdf, id=736, page=2, 369.88583pt x 227.62204pt>
File: ./images/dinamica-tension-3.pdf Graphic file (type pdf)
<use ./images/dinamica-tension-3.pdf, page 2>
Package pdftex.def Info: ./images/dinamica-tension-3.pdf , page2 used on input line 59.
(pdftex.def)             Requested size: 230.44844pt x 141.81537pt.
)
Package mdframed Info: mdframed works in twoside mode on input line 1229.
 (./images/dinamica-tension-2.pdf_tex
<./images/dinamica-tension-2.pdf, id=737, page=1, 1138.11024pt x 256.0748pt>
File: ./images/dinamica-tension-2.pdf Graphic file (type pdf)
<use ./images/dinamica-tension-2.pdf, page 1>
Package pdftex.def Info: ./images/dinamica-tension-2.pdf , page1 used on input line 56.
(pdftex.def)             Requested size: 460.89688pt x 103.7019pt.
<./images/dinamica-tension-2.pdf, id=738, page=2, 1138.11024pt x 256.0748pt>
File: ./images/dinamica-tension-2.pdf Graphic file (type pdf)
<use ./images/dinamica-tension-2.pdf, page 2>
Package pdftex.def Info: ./images/dinamica-tension-2.pdf , page2 used on input line 59.
(pdftex.def)             Requested size: 460.89688pt x 103.7019pt.
<./images/dinamica-tension-2.pdf, id=739, page=3, 1138.11024pt x 256.0748pt>
File: ./images/dinamica-tension-2.pdf Graphic file (type pdf)
<use ./images/dinamica-tension-2.pdf, page 3>
Package pdftex.def Info: ./images/dinamica-tension-2.pdf , page3 used on input line 61.
(pdftex.def)             Requested size: 460.89688pt x 103.7019pt.
<./images/dinamica-tension-2.pdf, id=740, page=4, 1138.11024pt x 256.0748pt>
File: ./images/dinamica-tension-2.pdf Graphic file (type pdf)
<use ./images/dinamica-tension-2.pdf, page 4>
Package pdftex.def Info: ./images/dinamica-tension-2.pdf , page4 used on input line 63.
(pdftex.def)             Requested size: 460.89688pt x 103.7019pt.
<./images/dinamica-tension-2.pdf, id=741, page=5, 1138.11024pt x 256.0748pt>
File: ./images/dinamica-tension-2.pdf Graphic file (type pdf)
<use ./images/dinamica-tension-2.pdf, page 5>
Package pdftex.def Info: ./images/dinamica-tension-2.pdf , page5 used on input line 65.
(pdftex.def)             Requested size: 460.89688pt x 103.7019pt.
<./images/dinamica-tension-2.pdf, id=742, page=6, 1138.11024pt x 256.0748pt>
File: ./images/dinamica-tension-2.pdf Graphic file (type pdf)
<use ./images/dinamica-tension-2.pdf, page 6>
Package pdftex.def Info: ./images/dinamica-tension-2.pdf , page6 used on input line 67.
(pdftex.def)             Requested size: 460.89688pt x 103.7019pt.
)
LaTeX Info: Redefining \. on input line 1243.
LaTeX Info: Redefining \% on input line 1243.
 [28 <./images/dinamica-tension-3.pdf> <./images/dinamica-tension-3.pdf

pdfTeX warning: pdflatex.exe (file ./images/dinamica-tension-3.pdf): PDF inclusion: multiple pdfs with page group included in a single page
>]
Package mdframed Info: mdframed works in twoside mode on input line 1245.
 (./images/dinamica-tension-4.pdf_tex
<./images/dinamica-tension-4.pdf, id=762, page=1, 256.0748pt x 156.49016pt>
File: ./images/dinamica-tension-4.pdf Graphic file (type pdf)
<use ./images/dinamica-tension-4.pdf, page 1>
Package pdftex.def Info: ./images/dinamica-tension-4.pdf , page1 used on input line 56.
(pdftex.def)             Requested size: 230.44844pt x 140.83505pt.
)
Package mdframed Info: mdframed works in twoside mode on input line 1260.
 (./images/dinamica-tension-5.pdf_tex
<./images/dinamica-tension-5.pdf, id=763, page=1, 170.71654pt x 256.0748pt>
File: ./images/dinamica-tension-5.pdf Graphic file (type pdf)
<use ./images/dinamica-tension-5.pdf, page 1>
Package pdftex.def Info: ./images/dinamica-tension-5.pdf , page1 used on input line 56.
(pdftex.def)             Requested size: 138.27046pt x 207.41943pt.
)
LaTeX Info: Redefining \. on input line 1274.
LaTeX Info: Redefining \% on input line 1274.
 [29 <./images/dinamica-tension-2.pdf> <./images/dinamica-tension-2.pdf

pdfTeX warning: pdflatex.exe (file ./images/dinamica-tension-2.pdf): PDF inclusion: multiple pdfs with page group included in a single page
> <./images/dinamica-tension-2.pdf

pdfTeX warning: pdflatex.exe (file ./images/dinamica-tension-2.pdf): PDF inclusion: multiple pdfs with page group included in a single page
> <./images/dinamica-tension-2.pdf

pdfTeX warning: pdflatex.exe (file ./images/dinamica-tension-2.pdf): PDF inclusion: multiple pdfs with page group included in a single page
> <./images/dinamica-tension-2.pdf

pdfTeX warning: pdflatex.exe (file ./images/dinamica-tension-2.pdf): PDF inclusion: multiple pdfs with page group included in a single page
> <./images/dinamica-tension-2.pdf

pdfTeX warning: pdflatex.exe (file ./images/dinamica-tension-2.pdf): PDF inclusion: multiple pdfs with page group included in a single page
> <./images/dinamica-tension-4.pdf

pdfTeX warning: pdflatex.exe (file ./images/dinamica-tension-4.pdf): PDF inclusion: multiple pdfs with page group included in a single page
>]
Package mdframed Info: mdframed works in twoside mode on input line 1276.
Package mdframed Info: mdframed works in twoside mode on input line 1287.
 (./images/dinamica-tension-6.pdf_tex
<./images/dinamica-tension-6.pdf, id=809, page=1, 398.3386pt x 170.71654pt>
File: ./images/dinamica-tension-6.pdf Graphic file (type pdf)
<use ./images/dinamica-tension-6.pdf, page 1>
Package pdftex.def Info: ./images/dinamica-tension-6.pdf , page1 used on input line 56.
(pdftex.def)             Requested size: 322.6264pt x 138.27702pt.
<./images/dinamica-tension-6.pdf, id=810, page=2, 398.3386pt x 170.71654pt>
File: ./images/dinamica-tension-6.pdf Graphic file (type pdf)
<use ./images/dinamica-tension-6.pdf, page 2>
Package pdftex.def Info: ./images/dinamica-tension-6.pdf , page2 used on input line 58.
(pdftex.def)             Requested size: 322.6264pt x 138.27702pt.
<./images/dinamica-tension-6.pdf, id=811, page=3, 398.3386pt x 170.71654pt>
File: ./images/dinamica-tension-6.pdf Graphic file (type pdf)
<use ./images/dinamica-tension-6.pdf, page 3>
Package pdftex.def Info: ./images/dinamica-tension-6.pdf , page3 used on input line 62.
(pdftex.def)             Requested size: 322.6264pt x 138.27702pt.
)
LaTeX Info: Redefining \. on input line 1300.
LaTeX Info: Redefining \% on input line 1300.
 [30 <./images/dinamica-tension-5.pdf> <./images/dinamica-tension-6.pdf

pdfTeX warning: pdflatex.exe (file ./images/dinamica-tension-6.pdf): PDF inclusion: multiple pdfs with page group included in a single page
> <./images/dinamica-tension-6.pdf

pdfTeX warning: pdflatex.exe (file ./images/dinamica-tension-6.pdf): PDF inclusion: multiple pdfs with page group included in a single page
> <./images/dinamica-tension-6.pdf

pdfTeX warning: pdflatex.exe (file ./images/dinamica-tension-6.pdf): PDF inclusion: multiple pdfs with page group included in a single page
>]
Package mdframed Info: mdframed works in twoside mode on input line 1305.
 (./images/dinamica-circular-3.pdf_tex
<./images/dinamica-circular-3.pdf, id=831, page=1, 284.52756pt x 227.62204pt>
File: ./images/dinamica-circular-3.pdf Graphic file (type pdf)
<use ./images/dinamica-circular-3.pdf, page 1>
Package pdftex.def Info: ./images/dinamica-circular-3.pdf , page1 used on input line 56.
(pdftex.def)             Requested size: 230.44844pt x 184.36589pt.
)
Package mdframed Info: mdframed works in twoside mode on input line 1317.
Package mdframed Info: mdframed works in twoside mode on input line 1328.
Package mdframed Info: Box was splittet wrong
 starting loop to iterate the splitting point
(mdframed)              on input line 1341.
LaTeX Info: Redefining \. on input line 1341.
LaTeX Info: Redefining \% on input line 1341.
 [31{c:/texlive/2023/texmf-dist/fonts/enc/dvips/cm-super/cm-super-ts1.enc} <./images/dinamica-circular-3.pdf>]
Package mdframed Info: mdframed works in twoside mode on input line 1343.
Package mdframed Info: mdframed works in twoside mode on input line 1352.
Package mdframed Info: mdframed works in twoside mode on input line 1363.
Package mdframed Info: mdframed works in twoside mode on input line 1370.
 (./images/dinamica-circular-4.pdf_tex
<./images/dinamica-circular-4.pdf, id=850, page=1, 284.52756pt x 170.71654pt>
File: ./images/dinamica-circular-4.pdf Graphic file (type pdf)
<use ./images/dinamica-circular-4.pdf, page 1>
Package pdftex.def Info: ./images/dinamica-circular-4.pdf , page1 used on input line 56.
(pdftex.def)             Requested size: 322.6264pt x 193.59251pt.
)
Package mdframed Info: Box was splittet wrong
 starting loop to iterate the splitting point
(mdframed)              on input line 1383.
LaTeX Info: Redefining \. on input line 1383.
LaTeX Info: Redefining \% on input line 1383.
 [32 <./images/dinamica-circular-4.pdf>]
Package mdframed Info: mdframed works in twoside mode on input line 1385.
Package mdframed Info: mdframed works in twoside mode on input line 1395.
 (./images/dinamica-circular-1.pdf_tex
<./images/dinamica-circular-1.pdf, id=867, page=1, 142.26378pt x 170.71654pt>
File: ./images/dinamica-circular-1.pdf Graphic file (type pdf)
<use ./images/dinamica-circular-1.pdf, page 1>
Package pdftex.def Info: ./images/dinamica-circular-1.pdf , page1 used on input line 56.
(pdftex.def)             Requested size: 138.27046pt x 165.93867pt.
<./images/dinamica-circular-1.pdf, id=868, page=2, 142.26378pt x 170.71654pt>
File: ./images/dinamica-circular-1.pdf Graphic file (type pdf)
<use ./images/dinamica-circular-1.pdf, page 2>
Package pdftex.def Info: ./images/dinamica-circular-1.pdf , page2 used on input line 58.
(pdftex.def)             Requested size: 138.27046pt x 165.93867pt.
<./images/dinamica-circular-1.pdf, id=869, page=3, 142.26378pt x 170.71654pt>
File: ./images/dinamica-circular-1.pdf Graphic file (type pdf)
<use ./images/dinamica-circular-1.pdf, page 3>
Package pdftex.def Info: ./images/dinamica-circular-1.pdf , page3 used on input line 61.
(pdftex.def)             Requested size: 138.27046pt x 165.93867pt.
)
Package mdframed Info: mdframed works in twoside mode on input line 1411.
 (./images/dinamica-circular-5.pdf_tex
<./images/dinamica-circular-5.pdf, id=870, page=1, 227.62204pt x 128.0374pt>
File: ./images/dinamica-circular-5.pdf Graphic file (type pdf)
<use ./images/dinamica-circular-5.pdf, page 1>
Package pdftex.def Info: ./images/dinamica-circular-5.pdf , page1 used on input line 56.
(pdftex.def)             Requested size: 184.35593pt x 103.70384pt.
)
LaTeX Info: Redefining \. on input line 1424.
LaTeX Info: Redefining \% on input line 1424.
 [33 <./images/dinamica-circular-1.pdf> <./images/dinamica-circular-1.pdf

pdfTeX warning: pdflatex.exe (file ./images/dinamica-circular-1.pdf): PDF inclusion: multiple pdfs with page group included in a single page
> <./images/dinamica-circular-1.pdf

pdfTeX warning: pdflatex.exe (file ./images/dinamica-circular-1.pdf): PDF inclusion: multiple pdfs with page group included in a single page
>]
Package mdframed Info: mdframed works in twoside mode on input line 1429.
 (./images/dinamica-roz-2.pdf_tex
<./images/dinamica-roz-2.pdf, id=898, page=1, 199.1693pt x 142.26378pt>
File: ./images/dinamica-roz-2.pdf Graphic file (type pdf)
<use ./images/dinamica-roz-2.pdf, page 1>
Package pdftex.def Info: ./images/dinamica-roz-2.pdf , page1 used on input line 56.
(pdftex.def)             Requested size: 230.44844pt x 164.61581pt.
)
Package mdframed Info: mdframed works in twoside mode on input line 1441.
 (./images/dinamica-roz-3.pdf_tex
<./images/dinamica-roz-3.pdf, id=899, page=1, 199.1693pt x 85.35826pt>
File: ./images/dinamica-roz-3.pdf Graphic file (type pdf)
<use ./images/dinamica-roz-3.pdf, page 1>
Package pdftex.def Info: ./images/dinamica-roz-3.pdf , page1 used on input line 56.
(pdftex.def)             Requested size: 230.44844pt x 98.76947pt.
)
LaTeX Info: Redefining \. on input line 1451.
LaTeX Info: Redefining \% on input line 1451.
 [34 <./images/dinamica-circular-5.pdf> <./images/dinamica-roz-2.pdf

pdfTeX warning: pdflatex.exe (file ./images/dinamica-roz-2.pdf): PDF inclusion: multiple pdfs with page group included in a single page
>]
Package mdframed Info: mdframed works in twoside mode on input line 1453.
 (./images/dinamica-roz-4.pdf_tex
<./images/dinamica-roz-4.pdf, id=920, page=1, 170.71654pt x 142.26378pt>
File: ./images/dinamica-roz-4.pdf Graphic file (type pdf)
<use ./images/dinamica-roz-4.pdf, page 1>
Package pdftex.def Info: ./images/dinamica-roz-4.pdf , page1 used on input line 56.
(pdftex.def)             Requested size: 230.44844pt x 192.05432pt.
<./images/dinamica-roz-4.pdf, id=921, page=2, 170.71654pt x 142.26378pt>
File: ./images/dinamica-roz-4.pdf Graphic file (type pdf)
<use ./images/dinamica-roz-4.pdf, page 2>
Package pdftex.def Info: ./images/dinamica-roz-4.pdf , page2 used on input line 60.
(pdftex.def)             Requested size: 230.44844pt x 192.05432pt.
<./images/dinamica-roz-4.pdf, id=922, page=3, 170.71654pt x 142.26378pt>
File: ./images/dinamica-roz-4.pdf Graphic file (type pdf)
<use ./images/dinamica-roz-4.pdf, page 3>
Package pdftex.def Info: ./images/dinamica-roz-4.pdf , page3 used on input line 62.
(pdftex.def)             Requested size: 230.44844pt x 192.05432pt.
)
Package mdframed Info: mdframed works in twoside mode on input line 1468.
 (./images/dinamica-roz-1.pdf_tex
<./images/dinamica-roz-1.pdf, id=923, page=1, 284.52756pt x 142.26378pt>
File: ./images/dinamica-roz-1.pdf Graphic file (type pdf)
<use ./images/dinamica-roz-1.pdf, page 1>
Package pdftex.def Info: ./images/dinamica-roz-1.pdf , page1 used on input line 56.
(pdftex.def)             Requested size: 230.44844pt x 115.22868pt.
<./images/dinamica-roz-1.pdf, id=924, page=2, 284.52756pt x 142.26378pt>
File: ./images/dinamica-roz-1.pdf Graphic file (type pdf)
<use ./images/dinamica-roz-1.pdf, page 2>
Package pdftex.def Info: ./images/dinamica-roz-1.pdf , page2 used on input line 58.
(pdftex.def)             Requested size: 230.44844pt x 115.22868pt.
)
Package mdframed Info: Box was splittet wrong
 starting loop to iterate the splitting point
(mdframed)              on input line 1483.
LaTeX Info: Redefining \. on input line 1483.
LaTeX Info: Redefining \% on input line 1483.
 [35 <./images/dinamica-roz-3.pdf> <./images/dinamica-roz-4.pdf

pdfTeX warning: pdflatex.exe (file ./images/dinamica-roz-4.pdf): PDF inclusion: multiple pdfs with page group included in a single page
> <./images/dinamica-roz-4.pdf

pdfTeX warning: pdflatex.exe (file ./images/dinamica-roz-4.pdf): PDF inclusion: multiple pdfs with page group included in a single page
> <./images/dinamica-roz-4.pdf

pdfTeX warning: pdflatex.exe (file ./images/dinamica-roz-4.pdf): PDF inclusion: multiple pdfs with page group included in a single page
>]
Package mdframed Info: mdframed works in twoside mode on input line 1485.
Package mdframed Info: mdframed works in twoside mode on input line 1492.
 (./images/dinamica-roz-5.pdf_tex
<./images/dinamica-roz-5.pdf, id=936, page=1, 341.43306pt x 85.35826pt>
File: ./images/dinamica-roz-5.pdf Graphic file (type pdf)
<use ./images/dinamica-roz-5.pdf, page 1>
Package pdftex.def Info: ./images/dinamica-roz-5.pdf , page1 used on input line 56.
(pdftex.def)             Requested size: 368.7189pt x 92.18553pt.
<./images/dinamica-roz-5.pdf, id=937, page=2, 341.43306pt x 85.35826pt>
File: ./images/dinamica-roz-5.pdf Graphic file (type pdf)
<use ./images/dinamica-roz-5.pdf, page 2>
Package pdftex.def Info: ./images/dinamica-roz-5.pdf , page2 used on input line 58.
(pdftex.def)             Requested size: 368.7189pt x 92.18553pt.
<./images/dinamica-roz-5.pdf, id=938, page=3, 341.43306pt x 85.35826pt>
File: ./images/dinamica-roz-5.pdf Graphic file (type pdf)
<use ./images/dinamica-roz-5.pdf, page 3>
Package pdftex.def Info: ./images/dinamica-roz-5.pdf , page3 used on input line 60.
(pdftex.def)             Requested size: 368.7189pt x 92.18553pt.
<./images/dinamica-roz-5.pdf, id=939, page=4, 341.43306pt x 85.35826pt>
File: ./images/dinamica-roz-5.pdf Graphic file (type pdf)
<use ./images/dinamica-roz-5.pdf, page 4>
Package pdftex.def Info: ./images/dinamica-roz-5.pdf , page4 used on input line 65.
(pdftex.def)             Requested size: 368.7189pt x 92.18553pt.
)
Package mdframed Info: Box was splittet wrong
 starting loop to iterate the splitting point
(mdframed)              on input line 1508.
LaTeX Info: Redefining \. on input line 1508.
LaTeX Info: Redefining \% on input line 1508.
 [36 <./images/dinamica-roz-1.pdf> <./images/dinamica-roz-1.pdf

pdfTeX warning: pdflatex.exe (file ./images/dinamica-roz-1.pdf): PDF inclusion: multiple pdfs with page group included in a single page
> <./images/dinamica-roz-5.pdf

pdfTeX warning: pdflatex.exe (file ./images/dinamica-roz-5.pdf): PDF inclusion: multiple pdfs with page group included in a single page
> <./images/dinamica-roz-5.pdf

pdfTeX warning: pdflatex.exe (file ./images/dinamica-roz-5.pdf): PDF inclusion: multiple pdfs with page group included in a single page
> <./images/dinamica-roz-5.pdf

pdfTeX warning: pdflatex.exe (file ./images/dinamica-roz-5.pdf): PDF inclusion: multiple pdfs with page group included in a single page
> <./images/dinamica-roz-5.pdf

pdfTeX warning: pdflatex.exe (file ./images/dinamica-roz-5.pdf): PDF inclusion: multiple pdfs with page group included in a single page
>]
Package mdframed Info: mdframed works in twoside mode on input line 1513.
Package mdframed Info: mdframed works in twoside mode on input line 1529.
 (./images/dinamica-elastica-2.pdf_tex
<./images/dinamica-elastica-2.pdf, id=956, page=1, 455.2441pt x 113.81102pt>
File: ./images/dinamica-elastica-2.pdf Graphic file (type pdf)
<use ./images/dinamica-elastica-2.pdf, page 1>
Package pdftex.def Info: ./images/dinamica-elastica-2.pdf , page1 used on input line 56.
(pdftex.def)             Requested size: 276.54094pt x 69.13806pt.
<./images/dinamica-elastica-2.pdf, id=957, page=2, 455.2441pt x 113.81102pt>
File: ./images/dinamica-elastica-2.pdf Graphic file (type pdf)
<use ./images/dinamica-elastica-2.pdf, page 2>
Package pdftex.def Info: ./images/dinamica-elastica-2.pdf , page2 used on input line 60.
(pdftex.def)             Requested size: 276.54094pt x 69.13806pt.
)
Package mdframed Info: mdframed works in twoside mode on input line 1542.
LaTeX Info: Redefining \. on input line 1553.
LaTeX Info: Redefining \% on input line 1553.
 [37 <./images/dinamica-elastica-2.pdf> <./images/dinamica-elastica-2.pdf

pdfTeX warning: pdflatex.exe (file ./images/dinamica-elastica-2.pdf): PDF inclusion: multiple pdfs with page group included in a single page
>]
Package mdframed Info: mdframed works in twoside mode on input line 1555.
 (./images/dinamica-elastica-1.pdf_tex
<./images/dinamica-elastica-1.pdf, id=971, page=1, 398.3386pt x 199.1693pt>
File: ./images/dinamica-elastica-1.pdf Graphic file (type pdf)
<use ./images/dinamica-elastica-1.pdf, page 1>
Package pdftex.def Info: ./images/dinamica-elastica-1.pdf , page1 used on input line 56.
(pdftex.def)             Requested size: 230.44844pt x 115.2265pt.
)
Package mdframed Info: mdframed works in twoside mode on input line 1570.
 (./images/dinamica-circular-2.pdf_tex
<./images/dinamica-circular-2.pdf, id=972, page=1, 369.88583pt x 170.71654pt>
File: ./images/dinamica-circular-2.pdf Graphic file (type pdf)
<use ./images/dinamica-circular-2.pdf, page 1>
Package pdftex.def Info: ./images/dinamica-circular-2.pdf , page1 used on input line 56.
(pdftex.def)             Requested size: 230.44844pt x 106.36153pt.
)
Package mdframed Info: mdframed works in twoside mode on input line 1587.
 (./images/dinamica-osc-4.pdf_tex
<./images/dinamica-osc-4.pdf, id=973, page=1, 199.1693pt x 170.71654pt>
File: ./images/dinamica-osc-4.pdf Graphic file (type pdf)
<use ./images/dinamica-osc-4.pdf, page 1>
Package pdftex.def Info: ./images/dinamica-osc-4.pdf , page1 used on input line 56.
(pdftex.def)             Requested size: 184.35593pt x 158.02753pt.
)
LaTeX Info: Redefining \. on input line 1604.
LaTeX Info: Redefining \% on input line 1604.
 [38 <./images/dinamica-elastica-1.pdf> <./images/dinamica-circular-2.pdf

pdfTeX warning: pdflatex.exe (file ./images/dinamica-circular-2.pdf): PDF inclusion: multiple pdfs with page group included in a single page
>]
Package mdframed Info: mdframed works in twoside mode on input line 1606.
Package mdframed Info: mdframed works in twoside mode on input line 1613.
 (./images/dinamica-osc-3.pdf_tex
<./images/dinamica-osc-3.pdf, id=990, page=1, 483.69685pt x 227.62204pt>
File: ./images/dinamica-osc-3.pdf Graphic file (type pdf)
<use ./images/dinamica-osc-3.pdf, page 1>
Package pdftex.def Info: ./images/dinamica-osc-3.pdf , page1 used on input line 56.
(pdftex.def)             Requested size: 276.54094pt x 130.13838pt.
<./images/dinamica-osc-3.pdf, id=991, page=2, 483.69685pt x 227.62204pt>
File: ./images/dinamica-osc-3.pdf Graphic file (type pdf)
<use ./images/dinamica-osc-3.pdf, page 2>
Package pdftex.def Info: ./images/dinamica-osc-3.pdf , page2 used on input line 58.
(pdftex.def)             Requested size: 276.54094pt x 130.13838pt.
<./images/dinamica-osc-3.pdf, id=992, page=3, 483.69685pt x 227.62204pt>
File: ./images/dinamica-osc-3.pdf Graphic file (type pdf)
<use ./images/dinamica-osc-3.pdf, page 3>
Package pdftex.def Info: ./images/dinamica-osc-3.pdf , page3 used on input line 60.
(pdftex.def)             Requested size: 276.54094pt x 130.13838pt.
)
Package mdframed Info: Box was splittet wrong
 starting loop to iterate the splitting point
(mdframed)              on input line 1627.
LaTeX Info: Redefining \. on input line 1627.
LaTeX Info: Redefining \% on input line 1627.
 [39 <./images/dinamica-osc-4.pdf> <./images/dinamica-osc-3.pdf

pdfTeX warning: pdflatex.exe (file ./images/dinamica-osc-3.pdf): PDF inclusion: multiple pdfs with page group included in a single page
> <./images/dinamica-osc-3.pdf

pdfTeX warning: pdflatex.exe (file ./images/dinamica-osc-3.pdf): PDF inclusion: multiple pdfs with page group included in a single page
> <./images/dinamica-osc-3.pdf

pdfTeX warning: pdflatex.exe (file ./images/dinamica-osc-3.pdf): PDF inclusion: multiple pdfs with page group included in a single page
>]
Package mdframed Info: mdframed works in twoside mode on input line 1629.
 (./images/dinamica-osc-1.pdf_tex
<./images/dinamica-osc-1.pdf, id=1007, page=1, 199.1693pt x 113.81102pt>
File: ./images/dinamica-osc-1.pdf Graphic file (type pdf)
<use ./images/dinamica-osc-1.pdf, page 1>
Package pdftex.def Info: ./images/dinamica-osc-1.pdf , page1 used on input line 56.
(pdftex.def)             Requested size: 230.44844pt x 131.69264pt.
<./images/dinamica-osc-1.pdf, id=1008, page=2, 199.1693pt x 113.81102pt>
File: ./images/dinamica-osc-1.pdf Graphic file (type pdf)
<use ./images/dinamica-osc-1.pdf, page 2>
Package pdftex.def Info: ./images/dinamica-osc-1.pdf , page2 used on input line 58.
(pdftex.def)             Requested size: 230.44844pt x 131.69264pt.
<./images/dinamica-osc-1.pdf, id=1009, page=3, 199.1693pt x 113.81102pt>
File: ./images/dinamica-osc-1.pdf Graphic file (type pdf)
<use ./images/dinamica-osc-1.pdf, page 3>
Package pdftex.def Info: ./images/dinamica-osc-1.pdf , page3 used on input line 60.
(pdftex.def)             Requested size: 230.44844pt x 131.69264pt.
)
Package mdframed Info: mdframed works in twoside mode on input line 1643.
Package mdframed Info: mdframed works in twoside mode on input line 1651.
 (./images/dinamica-osc-2.pdf_tex
<./images/dinamica-osc-2.pdf, id=1010, page=1, 455.2441pt x 113.81102pt>
File: ./images/dinamica-osc-2.pdf Graphic file (type pdf)
<use ./images/dinamica-osc-2.pdf, page 1>
Package pdftex.def Info: ./images/dinamica-osc-2.pdf , page1 used on input line 56.
(pdftex.def)             Requested size: 322.6264pt x 80.66049pt.
)
Package mdframed Info: mdframed works in twoside mode on input line 1667.
Package mdframed Info: Not enough space on this page on input line 1671.
LaTeX Info: Redefining \. on input line 1671.
LaTeX Info: Redefining \% on input line 1671.
 [40 <./images/dinamica-osc-1.pdf> <./images/dinamica-osc-1.pdf

pdfTeX warning: pdflatex.exe (file ./images/dinamica-osc-1.pdf): PDF inclusion: multiple pdfs with page group included in a single page
> <./images/dinamica-osc-1.pdf

pdfTeX warning: pdflatex.exe (file ./images/dinamica-osc-1.pdf): PDF inclusion: multiple pdfs with page group included in a single page
> <./images/dinamica-osc-2.pdf

pdfTeX warning: pdflatex.exe (file ./images/dinamica-osc-2.pdf): PDF inclusion: multiple pdfs with page group included in a single page
>]
Package mdframed Info: Not enough space on this page on input line 1671.
Package mdframed Info: mdframed works in twoside mode on input line 1673.
LaTeX Info: Redefining \. on input line 1682.
LaTeX Info: Redefining \% on input line 1682.
 [41]
LaTeX Info: Redefining \. on input line 1682.
LaTeX Info: Redefining \% on input line 1682.
 [42

]
Cap\'{\i }tulo 3.
Package mdframed Info: mdframed works in twoside mode on input line 1687.
(./images/ch3-cantmov-1.pdf_tex
<./images/ch3-cantmov-1.pdf, id=1053, page=1, 512.1496pt x 199.1693pt>
File: ./images/ch3-cantmov-1.pdf Graphic file (type pdf)
<use ./images/ch3-cantmov-1.pdf, page 1>
Package pdftex.def Info: ./images/ch3-cantmov-1.pdf , page1 used on input line 56.
(pdftex.def)             Requested size: 368.7189pt x 143.39569pt.
<./images/ch3-cantmov-1.pdf, id=1054, page=2, 512.1496pt x 199.1693pt>
File: ./images/ch3-cantmov-1.pdf Graphic file (type pdf)
<use ./images/ch3-cantmov-1.pdf, page 2>
Package pdftex.def Info: ./images/ch3-cantmov-1.pdf , page2 used on input line 58.
(pdftex.def)             Requested size: 368.7189pt x 143.39569pt.
<./images/ch3-cantmov-1.pdf, id=1055, page=3, 512.1496pt x 199.1693pt>
File: ./images/ch3-cantmov-1.pdf Graphic file (type pdf)
<use ./images/ch3-cantmov-1.pdf, page 3>
Package pdftex.def Info: ./images/ch3-cantmov-1.pdf , page3 used on input line 63.
(pdftex.def)             Requested size: 368.7189pt x 143.39569pt.
) [43 <./images/ch3-cantmov-1.pdf> <./images/ch3-cantmov-1.pdf

pdfTeX warning: pdflatex.exe (file ./images/ch3-cantmov-1.pdf): PDF inclusion: multiple pdfs with page group included in a single page
> <./images/ch3-cantmov-1.pdf

pdfTeX warning: pdflatex.exe (file ./images/ch3-cantmov-1.pdf): PDF inclusion: multiple pdfs with page group included in a single page
>]
LaTeX Info: Redefining \. on input line 1708.
LaTeX Info: Redefining \% on input line 1708.
 [44

]
Ap\'{e}ndice A.
Package mdframed Info: mdframed works in twoside mode on input line 1716.
(./images/mate-1.pdf_tex
<./images/mate-1.pdf, id=1067, page=1, 341.43306pt x 256.0748pt>
File: ./images/mate-1.pdf Graphic file (type pdf)
<use ./images/mate-1.pdf, page 1>
Package pdftex.def Info: ./images/mate-1.pdf , page1 used on input line 56.
(pdftex.def)             Requested size: 230.44844pt x 172.83911pt.
)
Package mdframed Info: mdframed works in twoside mode on input line 1728.
 (./images/mate-2.pdf_tex
<./images/mate-2.pdf, id=1068, page=1, 426.79132pt x 199.1693pt>
File: ./images/mate-2.pdf Graphic file (type pdf)
<use ./images/mate-2.pdf, page 1>
Package pdftex.def Info: ./images/mate-2.pdf , page1 used on input line 56.
(pdftex.def)             Requested size: 230.44844pt x 107.54373pt.
<./images/mate-2.pdf, id=1069, page=2, 426.79132pt x 199.1693pt>
File: ./images/mate-2.pdf Graphic file (type pdf)
<use ./images/mate-2.pdf, page 2>
Package pdftex.def Info: ./images/mate-2.pdf , page2 used on input line 59.
(pdftex.def)             Requested size: 230.44844pt x 107.54373pt.
) [45 <./images/mate-1.pdf>]
Package mdframed Info: mdframed works in twoside mode on input line 1740.
Package mdframed Info: mdframed works in twoside mode on input line 1759.
 (./images/mate-3.pdf_tex
<./images/mate-3.pdf, id=1079, page=1, 341.43306pt x 256.0748pt>
File: ./images/mate-3.pdf Graphic file (type pdf)
<use ./images/mate-3.pdf, page 1>
Package pdftex.def Info: ./images/mate-3.pdf , page1 used on input line 56.
(pdftex.def)             Requested size: 184.35593pt x 138.27051pt.
)
Package mdframed Info: mdframed works in twoside mode on input line 1769.
Package mdframed Info: mdframed works in twoside mode on input line 1776.
 (./images/mate-4.pdf_tex
<./images/mate-4.pdf, id=1080, page=1, 512.1496pt x 170.71654pt>
File: ./images/mate-4.pdf Graphic file (type pdf)
<use ./images/mate-4.pdf, page 1>
Package pdftex.def Info: ./images/mate-4.pdf , page1 used on input line 56.
(pdftex.def)             Requested size: 368.7189pt x 122.91058pt.
)
LaTeX Info: Redefining \. on input line 1785.
LaTeX Info: Redefining \% on input line 1785.
 [46 <./images/mate-2.pdf> <./images/mate-2.pdf

pdfTeX warning: pdflatex.exe (file ./images/mate-2.pdf): PDF inclusion: multiple pdfs with page group included in a single page
> <./images/mate-3.pdf

pdfTeX warning: pdflatex.exe (file ./images/mate-3.pdf): PDF inclusion: multiple pdfs with page group included in a single page
>]
Package mdframed Info: mdframed works in twoside mode on input line 1787.
Package mdframed Info: mdframed works in twoside mode on input line 1796.
 (./images/mate-5.pdf_tex
<./images/mate-5.pdf, id=1094, page=1, 341.43306pt x 256.0748pt>
File: ./images/mate-5.pdf Graphic file (type pdf)
<use ./images/mate-5.pdf, page 1>
Package pdftex.def Info: ./images/mate-5.pdf , page1 used on input line 56.
(pdftex.def)             Requested size: 230.44844pt x 172.83911pt.
)
Package mdframed Info: mdframed works in twoside mode on input line 1812.
 (./images/mate-6.pdf_tex
<./images/mate-6.pdf, id=1095, page=1, 512.1496pt x 284.52756pt>
File: ./images/mate-6.pdf Graphic file (type pdf)
<use ./images/mate-6.pdf, page 1>
Package pdftex.def Info: ./images/mate-6.pdf , page1 used on input line 56.
(pdftex.def)             Requested size: 414.80437pt x 230.45303pt.
<./images/mate-6.pdf, id=1096, page=2, 512.1496pt x 284.52756pt>
File: ./images/mate-6.pdf Graphic file (type pdf)
<use ./images/mate-6.pdf, page 2>
Package pdftex.def Info: ./images/mate-6.pdf , page2 used on input line 62.
(pdftex.def)             Requested size: 414.80437pt x 230.45303pt.
)
LaTeX Info: Redefining \. on input line 1822.
LaTeX Info: Redefining \% on input line 1822.
 [47 <./images/mate-4.pdf> <./images/mate-5.pdf

pdfTeX warning: pdflatex.exe (file ./images/mate-5.pdf): PDF inclusion: multiple pdfs with page group included in a single page
>]
Package mdframed Info: Not enough space on this page on input line 1822.
Package mdframed Info: mdframed works in twoside mode on input line 1824.
Package mdframed Info: mdframed works in twoside mode on input line 1834.
 (./images/mate-7.pdf_tex
<./images/mate-7.pdf, id=1106, page=1, 170.71654pt x 170.71654pt>
File: ./images/mate-7.pdf Graphic file (type pdf)
<use ./images/mate-7.pdf, page 1>
Package pdftex.def Info: ./images/mate-7.pdf , page1 used on input line 56.
(pdftex.def)             Requested size: 92.17796pt x 92.18033pt.
)
LaTeX Info: Redefining \. on input line 1849.
LaTeX Info: Redefining \% on input line 1849.
 [48 <./images/mate-6.pdf> <./images/mate-6.pdf

pdfTeX warning: pdflatex.exe (file ./images/mate-6.pdf): PDF inclusion: multiple pdfs with page group included in a single page
> <./images/mate-7.pdf

pdfTeX warning: pdflatex.exe (file ./images/mate-7.pdf): PDF inclusion: multiple pdfs with page group included in a single page
>]
Package mdframed Info: mdframed works in twoside mode on input line 1854.
Package mdframed Info: mdframed works in twoside mode on input line 1866.
Package mdframed Info: mdframed works in twoside mode on input line 1879.
Package mdframed Info: mdframed works in twoside mode on input line 1892.
LaTeX Info: Redefining \. on input line 1900.
LaTeX Info: Redefining \% on input line 1900.
 [49]
Package mdframed Info: mdframed works in twoside mode on input line 1902.
Package mdframed Info: mdframed works in twoside mode on input line 1913.
Package mdframed Info: mdframed works in twoside mode on input line 1919.
Package mdframed Info: mdframed works in twoside mode on input line 1932.
Package mdframed Info: mdframed works in twoside mode on input line 1938.
Package mdframed Info: mdframed works in twoside mode on input line 1948.
Package mdframed Info: mdframed works in twoside mode on input line 1957.
LaTeX Info: Redefining \. on input line 1966.
LaTeX Info: Redefining \% on input line 1966.
 [50]
Package mdframed Info: mdframed works in twoside mode on input line 1968.
Package mdframed Info: mdframed works in twoside mode on input line 1979.
Package mdframed Info: mdframed works in twoside mode on input line 1986.
Package mdframed Info: mdframed works in twoside mode on input line 1996.
Package mdframed Info: mdframed works in twoside mode on input line 2002.
LaTeX Info: Redefining \. on input line 2013.
LaTeX Info: Redefining \% on input line 2013.
 [51]
Package mdframed Info: mdframed works in twoside mode on input line 2015.
Package mdframed Info: mdframed works in twoside mode on input line 2026.
Package mdframed Info: mdframed works in twoside mode on input line 2045.
Package mdframed Info: mdframed works in twoside mode on input line 2055.
Package mdframed Info: mdframed works in twoside mode on input line 2061.
 (./images/mate-8.pdf_tex
<./images/mate-8.pdf, id=1196, page=1, 170.71654pt x 170.71654pt>
File: ./images/mate-8.pdf Graphic file (type pdf)
<use ./images/mate-8.pdf, page 1>
Package pdftex.def Info: ./images/mate-8.pdf , page1 used on input line 56.
(pdftex.def)             Requested size: 138.27046pt x 138.27962pt.
)
Package mdframed Info: Not enough space on this page on input line 2076.
LaTeX Info: Redefining \. on input line 2076.
LaTeX Info: Redefining \% on input line 2076.
 [52]
Package mdframed Info: Not enough space on this page on input line 2076.
Package mdframed Info: mdframed works in twoside mode on input line 2078.
Package mdframed Info: mdframed works in twoside mode on input line 2089.
Package mdframed Info: mdframed works in twoside mode on input line 2096.
LaTeX Info: Redefining \. on input line 2107.
LaTeX Info: Redefining \% on input line 2107.
 [53 <./images/mate-8.pdf>]
LaTeX Info: Redefining \. on input line 2110.
LaTeX Info: Redefining \% on input line 2110.
 [54] (./main.aux
LaTeX Info: Redefining \. on input line 23.
LaTeX Info: Redefining \% on input line 23.
)
 ***********
LaTeX2e <2023-06-01> patch level 1
L3 programming layer <2023-08-29>
 ***********
Package rerunfilecheck Info: File `main.out' has not changed.
(rerunfilecheck)             Checksum: 91722FAA21EEE5F8D87D8FF567A45D10;4721.
 ) 
Here is how much of TeX's memory you used:
 30212 strings out of 474933
 611583 string characters out of 5763794
 1961801 words of memory out of 5000000
 50562 multiletter control sequences out of 15000+600000
 570927 words of font info for 88 fonts, out of 8000000 for 9000
 1141 hyphenation exceptions out of 8191
 127i,21n,132p,819b,1107s stack positions out of 10000i,1000n,20000p,200000b,200000s
<c:/texlive/2023/texmf-dist/fonts/type1/public/amsfonts/cm/cmbx10.pfb><c:/texlive/2023/texmf-dist/fonts/type1/public/amsfonts/cm/cmbx12.pfb><c:/texlive/2023/texmf-dist/fonts/type1/public/amsfonts/cm/cmcsc10.pfb><c:/texlive/2023/texmf-dist/fonts/type1/public/amsfonts/cm/cmex10.pfb><c:/texlive/2023/texmf-dist/fonts/type1/public/amsfonts/cm/cmmi12.pfb><c:/texlive/2023/texmf-dist/fonts/type1/public/amsfonts/cm/cmmi8.pfb><c:/texlive/2023/texmf-dist/fonts/type1/public/amsfonts/cm/cmr10.pfb><c:/texlive/2023/texmf-dist/fonts/type1/public/amsfonts/cm/cmr12.pfb><c:/texlive/2023/texmf-dist/fonts/type1/public/amsfonts/cm/cmr17.pfb><c:/texlive/2023/texmf-dist/fonts/type1/public/amsfonts/cm/cmr6.pfb><c:/texlive/2023/texmf-dist/fonts/type1/public/amsfonts/cm/cmr8.pfb><c:/texlive/2023/texmf-dist/fonts/type1/public/amsfonts/cm/cmsl12.pfb><c:/texlive/2023/texmf-dist/fonts/type1/public/amsfonts/cm/cmsl8.pfb><c:/texlive/2023/texmf-dist/fonts/type1/public/amsfonts/cm/cmsy10.pfb><c:/texlive/2023/texmf-dist/fonts/type1/public/amsfonts/cm/cmsy8.pfb><c:/texlive/2023/texmf-dist/fonts/type1/public/amsfonts/cm/cmti12.pfb><c:/texlive/2023/texmf-dist/fonts/type1/public/amsfonts/cm/cmti7.pfb><c:/texlive/2023/texmf-dist/fonts/type1/public/amsfonts/cm/cmti8.pfb><c:/texlive/2023/texmf-dist/fonts/type1/public/amsfonts/cm/cmtt10.pfb><c:/texlive/2023/texmf-dist/fonts/type1/public/amsfonts/cm/cmtt12.pfb><c:/texlive/2023/texmf-dist/fonts/type1/public/esint-type1/esint10.pfb><c:/texlive/2023/texmf-dist/fonts/type1/public/amsfonts/symbols/msbm10.pfb><c:/texlive/2023/texmf-dist/fonts/type1/public/cm-super/sfrm1200.pfb>
Output written on main.pdf (58 pages, 1050507 bytes).
PDF statistics:
 1471 PDF objects out of 1728 (max. 8388607)
 1222 compressed objects within 13 object streams
 594 named destinations out of 1000 (max. 500000)
 666 words of extra memory for PDF output out of 10000 (max. 10000000)

