\BOOKMARK [0][-]{chapter.1}{\376\377\000C\000i\000n\000e\000m\000\341\000t\000i\000c\000a}{}% 1
\BOOKMARK [1][-]{section.1.1}{\376\377\000S\000i\000s\000t\000e\000m\000a\000s\000\040\000y\000\040\000m\000a\000r\000c\000o\000s\000\040\000d\000e\000\040\000r\000e\000f\000e\000r\000e\000n\000c\000i\000a}{chapter.1}% 2
\BOOKMARK [1][-]{section.1.2}{\376\377\000M\000o\000v\000i\000m\000i\000e\000n\000t\000o\000\040\000r\000e\000c\000t\000i\000l\000\355\000n\000e\000o}{chapter.1}% 3
\BOOKMARK [2][-]{subsection.1.2.1}{\376\377\000M\000o\000v\000i\000m\000i\000e\000n\000t\000o\000\040\000r\000e\000c\000t\000i\000l\000\355\000n\000e\000o\000\040\000u\000n\000i\000f\000o\000r\000m\000e}{section.1.2}% 4
\BOOKMARK [2][-]{subsection.1.2.2}{\376\377\000M\000o\000v\000i\000m\000i\000e\000n\000t\000o\000\040\000r\000e\000c\000t\000i\000l\000\355\000n\000e\000o\000\040\000u\000n\000i\000f\000o\000r\000m\000e\000m\000e\000n\000t\000e\000\040\000v\000a\000r\000i\000a\000d\000o}{section.1.2}% 5
\BOOKMARK [2][-]{subsection.1.2.3}{\376\377\000M\000o\000v\000i\000m\000i\000e\000n\000t\000o\000\040\000r\000e\000c\000t\000i\000l\000\355\000n\000e\000o\000\040\000g\000e\000n\000\351\000r\000i\000c\000o}{section.1.2}% 6
\BOOKMARK [1][-]{section.1.3}{\376\377\000M\000o\000v\000i\000m\000i\000e\000n\000t\000o\000\040\000c\000u\000r\000v\000i\000l\000\355\000n\000e\000o\000\040\000e\000n\000\040\000e\000l\000\040\000p\000l\000a\000n\000o}{chapter.1}% 7
\BOOKMARK [2][-]{subsection.1.3.1}{\376\377\000T\000i\000r\000o\000\040\000p\000a\000r\000a\000b\000\363\000l\000i\000c\000o}{section.1.3}% 8
\BOOKMARK [2][-]{subsection.1.3.2}{\376\377\000M\000o\000v\000i\000m\000i\000e\000n\000t\000o\000\040\000c\000i\000r\000c\000u\000l\000a\000r}{section.1.3}% 9
\BOOKMARK [0][-]{chapter.2}{\376\377\000D\000i\000n\000\341\000m\000i\000c\000a}{}% 10
\BOOKMARK [1][-]{section.2.1}{\376\377\000G\000e\000n\000e\000r\000a\000l\000i\000d\000a\000d\000e\000s\000\040\000d\000e\000l\000\040\000m\000o\000d\000e\000l\000o\000\040\000d\000e\000\040\000N\000e\000w\000t\000o\000n}{chapter.2}% 11
\BOOKMARK [1][-]{section.2.2}{\376\377\000P\000a\000r\000e\000s\000\040\000d\000e\000\040\000a\000c\000c\000i\000\363\000n\000\040\000y\000\040\000r\000e\000a\000c\000c\000i\000\363\000n}{chapter.2}% 12
\BOOKMARK [1][-]{section.2.3}{\376\377\000S\000i\000s\000t\000e\000m\000a\000s\000\040\000d\000e\000\040\000u\000n\000\040\000s\000o\000l\000o\000\040\000c\000u\000e\000r\000p\000o}{chapter.2}% 13
\BOOKMARK [1][-]{section.2.4}{\376\377\000S\000i\000s\000t\000e\000m\000a\000s\000\040\000d\000e\000\040\000c\000u\000e\000r\000p\000o\000s\000\040\000v\000i\000n\000c\000u\000l\000a\000d\000o\000s}{chapter.2}% 14
\BOOKMARK [1][-]{section.2.5}{\376\377\000D\000i\000n\000\341\000m\000i\000c\000a\000\040\000c\000i\000r\000c\000u\000l\000a\000r}{chapter.2}% 15
\BOOKMARK [1][-]{section.2.6}{\376\377\000F\000u\000e\000r\000z\000a\000\040\000d\000e\000\040\000r\000o\000z\000a\000m\000i\000e\000n\000t\000o}{chapter.2}% 16
\BOOKMARK [1][-]{section.2.7}{\376\377\000F\000u\000e\000r\000z\000a\000\040\000e\000l\000\341\000s\000t\000i\000c\000a}{chapter.2}% 17
\BOOKMARK [1][-]{section.2.8}{\376\377\000O\000s\000c\000i\000l\000a\000c\000i\000o\000n\000e\000s}{chapter.2}% 18
\BOOKMARK [0][-]{chapter.3}{\376\377\000C\000a\000n\000t\000i\000d\000a\000d\000\040\000d\000e\000\040\000m\000o\000v\000i\000m\000i\000e\000n\000t\000o\000\040\000y\000\040\000e\000n\000e\000r\000g\000\355\000a}{}% 19
\BOOKMARK [1][-]{section.3.1}{\376\377\000C\000o\000n\000s\000e\000r\000v\000a\000c\000i\000\363\000n\000\040\000d\000e\000\040\000l\000a\000\040\000c\000a\000n\000t\000i\000d\000a\000d\000\040\000d\000e\000\040\000m\000o\000v\000i\000m\000i\000e\000n\000t\000o\000\040\000l\000i\000n\000e\000a\000l}{chapter.3}% 20
\BOOKMARK [1][-]{section.3.2}{\376\377\000T\000r\000a\000b\000a\000j\000o}{chapter.3}% 21
\BOOKMARK [1][-]{section.3.3}{\376\377\000C\000o\000n\000s\000e\000r\000v\000a\000c\000i\000\363\000n\000\040\000d\000e\000\040\000l\000a\000\040\000e\000n\000e\000r\000g\000\355\000a}{chapter.3}% 22
\BOOKMARK [0][-]{appendix.Alph1}{\376\377\000C\000o\000n\000o\000c\000i\000m\000i\000e\000n\000t\000o\000s\000\040\000p\000r\000e\000v\000i\000o\000s\000\040\000d\000e\000\040\000m\000a\000t\000e\000m\000\341\000t\000i\000c\000a}{}% 23
\BOOKMARK [1][-]{section.Alph1.1}{\376\377\000T\000r\000i\000g\000o\000n\000o\000m\000e\000t\000r\000\355\000a}{appendix.Alph1}% 24
\BOOKMARK [1][-]{section.Alph1.2}{\376\377\000V\000e\000c\000t\000o\000r\000e\000s}{appendix.Alph1}% 25
\BOOKMARK [1][-]{section.Alph1.3}{\376\377\000D\000e\000r\000i\000v\000a\000d\000a\000s\000\040\000e\000\040\000i\000n\000t\000e\000g\000r\000a\000l\000e\000s}{appendix.Alph1}% 26
